Mplus VERSION 7.4 (Mac)
MUTHEN & MUTHEN
01/27/2023   1:05 PM

INPUT INSTRUCTIONS

  Data:
  file is /Users/shawes/desktop/df_wide.txt;

  Define:
  INT1 = MatureVideoGames*Weekly_Gaming_Hours_T0;
  !INT2 = MatureVideoGames*Sex;
  !INT3 = Weekly_Gaming_Hours_T0*Sex;
  !INT4 = MatureVideoGames*Weekly_Gaming_Hours_T0*Sex;

  Variable: names are
  ids, SiteID, FamilyID, Sex, Age,
  Race_White, Race_Black, Race_Hispanic, Race_Asian, Race_Other,
  ParentIncome, ParentEducation, IQ, FlankerTest,
  PubertalDevelopment_F, PubertalDevelopment_M,
  MatureVideoGames,
  Weekly_Gaming_Hours_T0, Weekly_Gaming_Hours_T1, Weekly_Gaming_Hours_T2,
  Aggression_T0, Aggression_T1, Aggression_T2,
  Externalizing_T0, Externalizing_T1, Externalizing_T2,
  Internalizing_T0
  ;

  Usevariables are
  Externalizing_T0, Externalizing_T1, Externalizing_T2,
  !MatureVideoGames
  !Weekly_Gaming_Hours_T0,
  Sex,
  Race_Black, Race_Hispanic, Race_Asian, Race_Other
  ParentIncome, ParentEducation, IQ,
  FlankerTest, Internalizing_T0
  !INT1
  !INT2
  !INT3
  !INT4
  ;

  Missing are all (999, 777);

  Stratification = SiteID;
  CLUSTER = FamilyID;

  ANALYSIS:
  Estimator = MLR;
  TYPE=complex;
  Integration = Montecarlo;

  MODEL:

  I S | Externalizing_T0@0 Externalizing_T1@1 Externalizing_T2@2;

  !S@0;

  I on Sex Race_Black Race_Hispanic Race_Asian Race_Other
  ParentIncome ParentEducation IQ
  FlankerTest Internalizing_T0;
  S on Sex Race_Black Race_Hispanic Race_Asian Race_Other
  ParentIncome ParentEducation IQ
  FlankerTest Internalizing_T0;


  !I on MatureVideoGames Weekly_Gaming_Hours_T0
  !Sex Race_Black Race_Hispanic Race_Asian Race_Other
  !ParentIncome ParentEducation IQ FlankerTest Internalizing_T0
  !INT1
  !INT2
  !INT3
  !INT4
  !;



  Output: Sampstat Stdyx CINTERVAL;





*** WARNING in ANALYSIS command
  The INTEGRATION option is not available with this analysis.
  INTEGRATION will be ignored.
  Specify ALGORITHM=INTEGRATION to use this option.
*** WARNING in VARIABLE command
  Note that only the first 8 characters of variable names are used in the output.
  Shorten variable names to avoid any confusion.
*** WARNING
  Clusters with the same IDs have been found in different strata.  These
  clusters are assumed to be different because clusters are not allowed
  to appear in more than one stratum.
*** WARNING
  Data set contains unknown or missing values for GROUPING,
  PATTERN, COHORT, CLUSTER and/or STRATIFICATION variables.
  Number of cases with unknown or missing values:  2
*** WARNING
  Data set contains cases with missing on x-variables.
  These cases were not included in the analysis.
  Number of cases with missing on x-variables:  940
   5 WARNING(S) FOUND IN THE INPUT INSTRUCTIONS




SUMMARY OF ANALYSIS

Number of groups                                                 1
Number of observations                                        4707

Number of dependent variables                                    3
Number of independent variables                                 10
Number of continuous latent variables                            2

Observed dependent variables

  Continuous
   EXTERNALIZ  EXTERNALIZ  EXTERNALIZ

Observed independent variables
   SEX         RACE_BLA    RACE_HIS    RACE_ASI    RACE_OTH    PARENTIN
   PARENTED    IQ          FLANKERT    INTERNAL

Continuous latent variables
   I           S

Variables with special functions

  Stratification        SITEID
  Cluster variable      FAMILYID

Estimator                                                      MLR
Information matrix                                        OBSERVED
Maximum number of iterations                                  1000
Convergence criterion                                    0.500D-04
Maximum number of steepest descent iterations                   20
Maximum number of iterations for H1                           2000
Convergence criterion for H1                             0.100D-03

Input data file(s)
  /Users/shawes/desktop/df_wide.txt

Input data format  FREE


SUMMARY OF DATA

     Number of missing data patterns             4
     Number of strata                      22
     Number of clusters                  4181


COVARIANCE COVERAGE OF DATA

Minimum covariance coverage value   0.100


     PROPORTION OF DATA PRESENT


           Covariance Coverage
              EXTERNAL      EXTERNAL      EXTERNAL      SEX           RACE_BLA
              ________      ________      ________      ________      ________
 EXTERNAL       1.000
 EXTERNAL       0.998         0.998
 EXTERNAL       0.768         0.767         0.768
 SEX            1.000         0.998         0.768         1.000
 RACE_BLA       1.000         0.998         0.768         1.000         1.000
 RACE_HIS       1.000         0.998         0.768         1.000         1.000
 RACE_ASI       1.000         0.998         0.768         1.000         1.000
 RACE_OTH       1.000         0.998         0.768         1.000         1.000
 PARENTIN       1.000         0.998         0.768         1.000         1.000
 PARENTED       1.000         0.998         0.768         1.000         1.000
 IQ             1.000         0.998         0.768         1.000         1.000
 FLANKERT       1.000         0.998         0.768         1.000         1.000
 INTERNAL       1.000         0.998         0.768         1.000         1.000


           Covariance Coverage
              RACE_HIS      RACE_ASI      RACE_OTH      PARENTIN      PARENTED
              ________      ________      ________      ________      ________
 RACE_HIS       1.000
 RACE_ASI       1.000         1.000
 RACE_OTH       1.000         1.000         1.000
 PARENTIN       1.000         1.000         1.000         1.000
 PARENTED       1.000         1.000         1.000         1.000         1.000
 IQ             1.000         1.000         1.000         1.000         1.000
 FLANKERT       1.000         1.000         1.000         1.000         1.000
 INTERNAL       1.000         1.000         1.000         1.000         1.000


           Covariance Coverage
              IQ            FLANKERT      INTERNAL
              ________      ________      ________
 IQ             1.000
 FLANKERT       1.000         1.000
 INTERNAL       1.000         1.000         1.000


SAMPLE STATISTICS


     ESTIMATED SAMPLE STATISTICS


           Means
              EXTERNAL      EXTERNAL      EXTERNAL      SEX           RACE_BLA
              ________      ________      ________      ________      ________
      1         4.934         4.724         4.466         1.678         0.160


           Means
              RACE_HIS      RACE_ASI      RACE_OTH      PARENTIN      PARENTED
              ________      ________      ________      ________      ________
      1         0.201         0.012         0.105         4.825        16.561


           Means
              IQ            FLANKERT      INTERNAL
              ________      ________      ________
      1        47.484        46.221         5.276


           Covariances
              EXTERNAL      EXTERNAL      EXTERNAL      SEX           RACE_BLA
              ________      ________      ________      ________      ________
 EXTERNAL      39.399
 EXTERNAL      28.837        37.161
 EXTERNAL      27.550        28.043        36.976
 SEX            0.137         0.113         0.112         0.218
 RACE_BLA       0.100         0.070        -0.002        -0.011         0.135
 RACE_HIS      -0.034        -0.025         0.000         0.002        -0.032
 RACE_ASI      -0.034        -0.035        -0.032         0.000        -0.002
 RACE_OTH       0.059         0.078         0.088        -0.003        -0.017
 PARENTIN      -1.733        -1.712        -1.273         0.034        -0.108
 PARENTED      -1.472        -1.225        -0.825         0.037        -0.178
 IQ            -7.566        -6.330        -6.351        -0.062        -0.200
 FLANKERT      -3.159        -2.458        -2.277         0.016         0.191
 INTERNAL      21.511        16.018        15.160        -0.060        -0.093


           Covariances
              RACE_HIS      RACE_ASI      RACE_OTH      PARENTIN      PARENTED
              ________      ________      ________      ________      ________
 RACE_HIS       0.161
 RACE_ASI      -0.002         0.012
 RACE_OTH      -0.021        -0.001         0.094
 PARENTIN      -0.081         0.009         0.003         6.951
 PARENTED      -0.259         0.019         0.008         2.939         6.641
 IQ             0.102         0.073        -0.340         1.971         2.267
 FLANKERT       0.143         0.046        -0.235         0.484        -0.582
 INTERNAL       0.034        -0.021         0.043        -1.613        -0.607


           Covariances
              IQ            FLANKERT      INTERNAL
              ________      ________      ________
 IQ           122.808
 FLANKERT      54.270        85.612
 INTERNAL      -3.874        -3.350        32.839


           Correlations
              EXTERNAL      EXTERNAL      EXTERNAL      SEX           RACE_BLA
              ________      ________      ________      ________      ________
 EXTERNAL       1.000
 EXTERNAL       0.754         1.000
 EXTERNAL       0.722         0.757         1.000
 SEX            0.047         0.040         0.039         1.000
 RACE_BLA       0.043         0.031        -0.001        -0.066         1.000
 RACE_HIS      -0.014        -0.010         0.000         0.010        -0.219
 RACE_ASI      -0.050        -0.052        -0.047         0.007        -0.049
 RACE_OTH       0.031         0.042         0.047        -0.021        -0.150
 PARENTIN      -0.105        -0.107        -0.079         0.028        -0.111
 PARENTED      -0.091        -0.078        -0.053         0.031        -0.188
 IQ            -0.109        -0.094        -0.094        -0.012        -0.049
 FLANKERT      -0.054        -0.044        -0.040         0.004         0.056
 INTERNAL       0.598         0.459         0.435        -0.022        -0.044


           Correlations
              RACE_HIS      RACE_ASI      RACE_OTH      PARENTIN      PARENTED
              ________      ________      ________      ________      ________
 RACE_HIS       1.000
 RACE_ASI      -0.056         1.000
 RACE_OTH      -0.172        -0.038         1.000
 PARENTIN      -0.076         0.030         0.003         1.000
 PARENTED      -0.251         0.067         0.010         0.433         1.000
 IQ             0.023         0.060        -0.100         0.067         0.079
 FLANKERT       0.039         0.045        -0.083         0.020        -0.024
 INTERNAL       0.015        -0.033         0.025        -0.107        -0.041


           Correlations
              IQ            FLANKERT      INTERNAL
              ________      ________      ________
 IQ             1.000
 FLANKERT       0.529         1.000
 INTERNAL      -0.061        -0.063         1.000


     MAXIMUM LOG-LIKELIHOOD VALUE FOR THE UNRESTRICTED (H1) MODEL IS -112489.049


UNIVARIATE SAMPLE STATISTICS


     UNIVARIATE HIGHER-ORDER MOMENT DESCRIPTIVE STATISTICS

         Variable/         Mean/     Skewness/   Minimum/ % with                Percentiles
        Sample Size      Variance    Kurtosis    Maximum  Min/Max      20%/60%    40%/80%    Median

     EXTERNALIZING_T       4.934       2.187       0.000   24.62%       0.000      2.000      3.000
            4707.000      39.399       6.226      49.000    0.02%       4.000      8.000
     EXTERNALIZING_T       4.721       2.157       0.000   25.82%       0.000      2.000      3.000
            4698.000      37.163       5.708      47.000    0.02%       4.000      8.000
     EXTERNALIZING_T       4.404       2.453       0.000   28.51%       0.000      1.000      2.000
            3616.000      36.549       8.040      50.000    0.03%       3.000      8.000
     SEX                   1.678      -0.759       1.000   32.25%       1.000      2.000      2.000
            4707.000       0.218      -1.423       2.000   67.75%       2.000      2.000
     RACE_BLACK            0.160       1.851       0.000   83.96%       0.000      0.000      0.000
            4707.000       0.135       1.425       1.000   16.04%       0.000      0.000
     RACE_HISPANIC         0.201       1.492       0.000   79.90%       0.000      0.000      0.000
            4707.000       0.161       0.227       1.000   20.10%       0.000      1.000
     RACE_ASIAN            0.012       8.841       0.000   98.77%       0.000      0.000      0.000
            4707.000       0.012      76.168       1.000    1.23%       0.000      0.000
     RACE_OTHER            0.105       2.574       0.000   89.48%       0.000      0.000      0.000
            4707.000       0.094       4.627       1.000   10.52%       0.000      0.000
     PARENTINCOME          4.825      -0.052       1.000   17.51%       2.000      4.000      5.000
            4707.000       6.951      -1.180      10.000    1.30%       6.000      7.000
     PARENTEDUCATION      16.561      -1.101       2.000    0.02%      15.000     16.000     17.000
            4707.000       6.641       1.851      21.000    2.46%      18.000     19.000
     IQ                   47.484       0.519       5.000    0.02%      38.000     44.000     47.000
            4707.000     122.808       1.577     127.000    0.02%      49.000     56.000
     FLANKERTEST          46.221       0.385      10.000    0.04%      38.000     44.000     46.000
            4707.000      85.612       1.402     113.000    0.02%      48.000     54.000
     INTERNALIZING_T       5.276       1.935       0.000   16.04%       1.000      2.000      3.000
            4707.000      32.839       5.054      49.000    0.02%       5.000      9.000


THE MODEL ESTIMATION TERMINATED NORMALLY



MODEL FIT INFORMATION

Number of Free Parameters                       28

Loglikelihood

          H0 Value                      -37301.372
          H0 Scaling Correction Factor      1.7361
            for MLR
          H1 Value                      -37270.700
          H1 Scaling Correction Factor      1.5670
            for MLR

Information Criteria

          Akaike (AIC)                   74658.743
          Bayesian (BIC)                 74839.534
          Sample-Size Adjusted BIC       74750.560
            (n* = (n + 2) / 24)

Chi-Square Test of Model Fit

          Value                             53.979*
          Degrees of Freedom                    11
          P-Value                           0.0000
          Scaling Correction Factor         1.1364
            for MLR

*   The chi-square value for MLM, MLMV, MLR, ULSMV, WLSM and WLSMV cannot be used
    for chi-square difference testing in the regular way.  MLM, MLR and WLSM
    chi-square difference testing is described on the Mplus website.  MLMV, WLSMV,
    and ULSMV difference testing is done using the DIFFTEST option.

RMSEA (Root Mean Square Error Of Approximation)

          Estimate                           0.029
          90 Percent C.I.                    0.021  0.037
          Probability RMSEA <= .05           1.000

CFI/TLI

          CFI                                0.994
          TLI                                0.982

Chi-Square Test of Model Fit for the Baseline Model

          Value                           7305.084
          Degrees of Freedom                    33
          P-Value                           0.0000

SRMR (Standardized Root Mean Square Residual)

          Value                              0.007



MODEL RESULTS

                                                    Two-Tailed
                    Estimate       S.E.  Est./S.E.    P-Value

 I        |
    EXTERNALIZ         1.000      0.000    999.000    999.000
    EXTERNALIZ         1.000      0.000    999.000    999.000
    EXTERNALIZ         1.000      0.000    999.000    999.000

 S        |
    EXTERNALIZ         0.000      0.000    999.000    999.000
    EXTERNALIZ         1.000      0.000    999.000    999.000
    EXTERNALIZ         2.000      0.000    999.000    999.000

 I        ON
    SEX                0.865      0.152      5.675      0.000
    RACE_BLACK         0.959      0.240      3.994      0.000
    RACE_HISPA        -0.358      0.195     -1.834      0.067
    RACE_ASIAN        -1.271      0.288     -4.413      0.000
    RACE_OTHER         0.353      0.269      1.310      0.190
    PARENTINCO        -0.037      0.030     -1.264      0.206
    PARENTEDUC        -0.125      0.033     -3.822      0.000
    IQ                -0.039      0.008     -5.082      0.000
    FLANKERTES         0.013      0.009      1.359      0.174
    INTERNALIZ         0.635      0.020     31.089      0.000

 S        ON
    SEX               -0.111      0.076     -1.466      0.143
    RACE_BLACK        -0.357      0.118     -3.032      0.002
    RACE_HISPA         0.132      0.104      1.272      0.204
    RACE_ASIAN        -0.142      0.213     -0.666      0.505
    RACE_OTHER         0.172      0.136      1.272      0.203
    PARENTINCO        -0.015      0.014     -1.018      0.309
    PARENTEDUC         0.041      0.016      2.564      0.010
    IQ                 0.000      0.004     -0.023      0.982
    FLANKERTES         0.003      0.005      0.626      0.531
    INTERNALIZ        -0.104      0.010    -10.727      0.000

 S        WITH
    I                 -0.513      0.596     -0.860      0.390

 Intercepts
    EXTERNALIZ         0.000      0.000    999.000    999.000
    EXTERNALIZ         0.000      0.000    999.000    999.000
    EXTERNALIZ         0.000      0.000    999.000    999.000
    I                  3.554      0.730      4.866      0.000
    S                 -0.225      0.360     -0.624      0.532

 Residual Variances
    EXTERNALIZ         6.393      0.938      6.812      0.000
    EXTERNALIZ         9.935      0.646     15.374      0.000
    EXTERNALIZ         6.501      1.297      5.013      0.000
    I                 18.221      1.109     16.437      0.000
    S                  1.743      0.522      3.340      0.001


STANDARDIZED MODEL RESULTS


STDYX Standardization

                                                    Two-Tailed
                    Estimate       S.E.  Est./S.E.    P-Value

 I        |
    EXTERNALIZ         0.914      0.013     69.733      0.000
    EXTERNALIZ         0.912      0.015     61.894      0.000
    EXTERNALIZ         0.945      0.028     33.946      0.000

 S        |
    EXTERNALIZ         0.000      0.000    999.000    999.000
    EXTERNALIZ         0.234      0.028      8.332      0.000
    EXTERNALIZ         0.484      0.064      7.619      0.000

 I        ON
    SEX                0.071      0.012      5.687      0.000
    RACE_BLACK         0.062      0.016      3.979      0.000
    RACE_HISPA        -0.025      0.014     -1.841      0.066
    RACE_ASIAN        -0.025      0.006     -4.233      0.000
    RACE_OTHER         0.019      0.015      1.308      0.191
    PARENTINCO        -0.017      0.014     -1.266      0.206
    PARENTEDUC        -0.057      0.015     -3.803      0.000
    IQ                -0.076      0.015     -5.100      0.000
    FLANKERTES         0.021      0.015      1.361      0.173
    INTERNALIZ         0.640      0.016     39.693      0.000

 S        ON
    SEX               -0.036      0.025     -1.442      0.149
    RACE_BLACK        -0.090      0.031     -2.854      0.004
    RACE_HISPA         0.036      0.029      1.262      0.207
    RACE_ASIAN        -0.011      0.016     -0.664      0.506
    RACE_OTHER         0.036      0.029      1.258      0.208
    PARENTINCO        -0.026      0.026     -1.006      0.314
    PARENTEDUC         0.072      0.029      2.466      0.014
    IQ                -0.001      0.029     -0.023      0.982
    FLANKERTES         0.019      0.031      0.625      0.532
    INTERNALIZ        -0.408      0.058     -7.080      0.000

 S        WITH
    I                 -0.091      0.093     -0.976      0.329

 Intercepts
    EXTERNALIZ         0.000      0.000    999.000    999.000
    EXTERNALIZ         0.000      0.000    999.000    999.000
    EXTERNALIZ         0.000      0.000    999.000    999.000
    I                  0.625      0.130      4.809      0.000
    S                 -0.154      0.247     -0.623      0.533

 Residual Variances
    EXTERNALIZ         0.165      0.024      6.889      0.000
    EXTERNALIZ         0.256      0.013     19.317      0.000
    EXTERNALIZ         0.179      0.033      5.382      0.000
    I                  0.563      0.021     27.331      0.000
    S                  0.820      0.050     16.482      0.000


R-SQUARE

    Observed                                        Two-Tailed
    Variable        Estimate       S.E.  Est./S.E.    P-Value

    EXTERNAL           0.835      0.024     34.866      0.000
    EXTERNAL           0.744      0.013     56.248      0.000
    EXTERNAL           0.821      0.033     24.637      0.000

     Latent                                         Two-Tailed
    Variable        Estimate       S.E.  Est./S.E.    P-Value

    I                  0.437      0.021     21.199      0.000
    S                  0.180      0.050      3.628      0.000


QUALITY OF NUMERICAL RESULTS

     Condition Number for the Information Matrix              0.505E-06
       (ratio of smallest to largest eigenvalue)


CONFIDENCE INTERVALS OF MODEL RESULTS

                  Lower .5%  Lower 2.5%    Lower 5%    Estimate    Upper 5%  Upper 2.5%   Upper .5%

 I        |
    EXTERNALIZ       1.000       1.000       1.000       1.000       1.000       1.000       1.000
    EXTERNALIZ       1.000       1.000       1.000       1.000       1.000       1.000       1.000
    EXTERNALIZ       1.000       1.000       1.000       1.000       1.000       1.000       1.000

 S        |
    EXTERNALIZ       0.000       0.000       0.000       0.000       0.000       0.000       0.000
    EXTERNALIZ       1.000       1.000       1.000       1.000       1.000       1.000       1.000
    EXTERNALIZ       2.000       2.000       2.000       2.000       2.000       2.000       2.000

 I        ON
    SEX              0.472       0.566       0.614       0.865       1.115       1.163       1.257
    RACE_BLACK       0.341       0.488       0.564       0.959       1.354       1.429       1.577
    RACE_HISPA      -0.862      -0.741      -0.680      -0.358      -0.037       0.025       0.145
    RACE_ASIAN      -2.013      -1.835      -1.745      -1.271      -0.797      -0.707      -0.529
    RACE_OTHER      -0.341      -0.175      -0.090       0.353       0.796       0.881       1.047
    PARENTINCO      -0.114      -0.096      -0.086      -0.037       0.011       0.021       0.039
    PARENTEDUC      -0.209      -0.189      -0.179      -0.125      -0.071      -0.061      -0.041
    IQ              -0.059      -0.054      -0.052      -0.039      -0.026      -0.024      -0.019
    FLANKERTES      -0.011      -0.006      -0.003       0.013       0.028       0.031       0.037
    INTERNALIZ       0.583       0.595       0.602       0.635       0.669       0.675       0.688

 S        ON
    SEX             -0.305      -0.259      -0.235      -0.111       0.013       0.037       0.084
    RACE_BLACK      -0.660      -0.588      -0.551      -0.357      -0.163      -0.126      -0.054
    RACE_HISPA      -0.135      -0.071      -0.039       0.132       0.303       0.335       0.399
    RACE_ASIAN      -0.692      -0.560      -0.493      -0.142       0.209       0.276       0.407
    RACE_OTHER      -0.177      -0.093      -0.050       0.172       0.395       0.438       0.521
    PARENTINCO      -0.051      -0.043      -0.038      -0.015       0.009       0.013       0.022
    PARENTEDUC       0.000       0.010       0.015       0.041       0.067       0.072       0.082
    IQ              -0.010      -0.008      -0.006       0.000       0.006       0.007       0.010
    FLANKERTES      -0.009      -0.006      -0.005       0.003       0.011       0.012       0.015
    INTERNALIZ      -0.129      -0.123      -0.120      -0.104      -0.088      -0.085      -0.079

 S        WITH
    I               -2.048      -1.681      -1.493      -0.513       0.468       0.656       1.023

 Intercepts
    EXTERNAL         0.000       0.000       0.000       0.000       0.000       0.000       0.000
    EXTERNAL         0.000       0.000       0.000       0.000       0.000       0.000       0.000
    EXTERNAL         0.000       0.000       0.000       0.000       0.000       0.000       0.000
    I                1.673       2.122       2.352       3.554       4.755       4.986       5.435
    S               -1.151      -0.930      -0.816      -0.225       0.367       0.480       0.702

 Residual Variances
    EXTERNAL         3.976       4.554       4.849       6.393       7.937       8.232       8.810
    EXTERNAL         8.271       8.669       8.872       9.935      10.998      11.202      11.600
    EXTERNAL         3.161       3.959       4.368       6.501       8.634       9.042       9.841
    I               15.366      16.049      16.398      18.221      20.045      20.394      21.077
    S                0.399       0.720       0.884       1.743       2.601       2.766       3.087


CONFIDENCE INTERVALS OF STANDARDIZED MODEL RESULTS


STDYX Standardization

                  Lower .5%  Lower 2.5%    Lower 5%    Estimate    Upper 5%  Upper 2.5%   Upper .5%

 I        |
    EXTERNALIZ       0.880       0.888       0.892       0.914       0.935       0.939       0.948
    EXTERNALIZ       0.874       0.884       0.888       0.912       0.937       0.941       0.950
    EXTERNALIZ       0.873       0.890       0.899       0.945       0.990       0.999       1.016

 S        |
    EXTERNALIZ       0.000       0.000       0.000       0.000       0.000       0.000       0.000
    EXTERNALIZ       0.162       0.179       0.188       0.234       0.280       0.289       0.306
    EXTERNALIZ       0.321       0.360       0.380       0.484       0.589       0.609       0.648

 I        ON
    SEX              0.039       0.047       0.051       0.071       0.092       0.096       0.103
    RACE_BLACK       0.022       0.031       0.036       0.062       0.087       0.092       0.102
    RACE_HISPA      -0.061      -0.052      -0.048      -0.025      -0.003       0.002       0.010
    RACE_ASIAN      -0.040      -0.036      -0.034      -0.025      -0.015      -0.013      -0.010
    RACE_OTHER      -0.018      -0.009      -0.005       0.019       0.043       0.048       0.057
    PARENTINCO      -0.053      -0.044      -0.040      -0.017       0.005       0.010       0.018
    PARENTEDUC      -0.095      -0.086      -0.081      -0.057      -0.032      -0.027      -0.018
    IQ              -0.114      -0.105      -0.101      -0.076      -0.052      -0.047      -0.038
    FLANKERTES      -0.018      -0.009      -0.004       0.021       0.045       0.050       0.060
    INTERNALIZ       0.598       0.608       0.613       0.640       0.666       0.672       0.681

 S        ON
    SEX             -0.099      -0.084      -0.076      -0.036       0.005       0.013       0.028
    RACE_BLACK      -0.171      -0.152      -0.142      -0.090      -0.038      -0.028      -0.009
    RACE_HISPA      -0.038      -0.020      -0.011       0.036       0.084       0.093       0.110
    RACE_ASIAN      -0.052      -0.042      -0.037      -0.011       0.016       0.021       0.031
    RACE_OTHER      -0.038      -0.020      -0.011       0.036       0.084       0.093       0.111
    PARENTINCO      -0.094      -0.077      -0.069      -0.026       0.017       0.025       0.041
    PARENTEDUC      -0.003       0.015       0.024       0.072       0.120       0.129       0.147
    IQ              -0.075      -0.058      -0.048      -0.001       0.047       0.056       0.074
    FLANKERTES      -0.060      -0.041      -0.031       0.019       0.070       0.079       0.098
    INTERNALIZ      -0.556      -0.521      -0.502      -0.408      -0.313      -0.295      -0.259

 S        WITH
    I               -0.331      -0.274      -0.244      -0.091       0.062       0.092       0.149

 Intercepts
    EXTERNAL         0.000       0.000       0.000       0.000       0.000       0.000       0.000
    EXTERNAL         0.000       0.000       0.000       0.000       0.000       0.000       0.000
    EXTERNAL         0.000       0.000       0.000       0.000       0.000       0.000       0.000
    I                0.290       0.370       0.411       0.625       0.839       0.879       0.959
    S               -0.791      -0.638      -0.561      -0.154       0.253       0.330       0.483

 Residual Variances
    EXTERNAL         0.103       0.118       0.126       0.165       0.204       0.212       0.227
    EXTERNAL         0.222       0.230       0.234       0.256       0.277       0.282       0.290
    EXTERNAL         0.093       0.114       0.124       0.179       0.234       0.245       0.265
    I                0.510       0.523       0.529       0.563       0.597       0.604       0.616
    S                0.692       0.722       0.738       0.820       0.901       0.917       0.948


     Beginning Time:  13:05:29
        Ending Time:  13:05:30
       Elapsed Time:  00:00:01



MUTHEN & MUTHEN
3463 Stoner Ave.
Los Angeles, CA  90066

Tel: (310) 391-9971
Fax: (310) 391-8971
Web: www.StatModel.com
Support: Support@StatModel.com

Copyright (c) 1998-2015 Muthen & Muthen
