Mplus VERSION 7.4 (Mac)
MUTHEN & MUTHEN
01/27/2023   1:09 PM

INPUT INSTRUCTIONS

  Data:
  file is /Users/shawes/desktop/df_wide.txt;

  Define:
  INT1 = MatureVideoGames*Weekly_Gaming_Hours_T0;
  !INT2 = MatureVideoGames*Sex;
  !INT3 = Weekly_Gaming_Hours_T0*Sex;
  !INT4 = MatureVideoGames*Weekly_Gaming_Hours_T0*Sex;

  Variable: names are
  ids, SiteID, FamilyID, Sex, Age,
  Race_White, Race_Black, Race_Hispanic, Race_Asian, Race_Other,
  ParentIncome, ParentEducation, IQ, FlankerTest,
  PubertalDevelopment_F, PubertalDevelopment_M,
  MatureVideoGames,
  Weekly_Gaming_Hours_T0, Weekly_Gaming_Hours_T1, Weekly_Gaming_Hours_T2,
  Aggression_T0, Aggression_T1, Aggression_T2,
  Externalizing_T0, Externalizing_T1, Externalizing_T2,
  Internalizing_T0
  ;

  Usevariables are
  Externalizing_T0, Externalizing_T1, Externalizing_T2,
  MatureVideoGames,
  Weekly_Gaming_Hours_T0,
  Sex,
  Race_Black, Race_Hispanic, Race_Asian, Race_Other
  ParentIncome, ParentEducation, IQ,
  FlankerTest, Internalizing_T0
  !INT1
  !INT2
  !INT3
  !INT4
  ;

  Missing are all (999, 777);

  Stratification = SiteID;
  CLUSTER = FamilyID;

  ANALYSIS:
  Estimator = MLR;
  TYPE=complex;
  Integration = Montecarlo;

  MODEL:

  I S | Externalizing_T0@0 Externalizing_T1@1 Externalizing_T2@2;

  !S@0;

  I on MatureVideoGames Weekly_Gaming_Hours_T0 Sex
  Race_Black Race_Hispanic Race_Asian Race_Other
  ParentIncome ParentEducation IQ
  FlankerTest Internalizing_T0;

  S on MatureVideoGames Weekly_Gaming_Hours_T0 Sex
  Race_Black Race_Hispanic Race_Asian Race_Other
  ParentIncome ParentEducation IQ
  FlankerTest Internalizing_T0;


  !I on MatureVideoGames Weekly_Gaming_Hours_T0
  !Sex Race_Black Race_Hispanic Race_Asian Race_Other
  !ParentIncome ParentEducation IQ FlankerTest Internalizing_T0
  !INT1
  !INT2
  !INT3
  !INT4
  !;



  Output: Sampstat Stdyx CINTERVAL;





*** WARNING in ANALYSIS command
  The INTEGRATION option is not available with this analysis.
  INTEGRATION will be ignored.
  Specify ALGORITHM=INTEGRATION to use this option.
*** WARNING in VARIABLE command
  Note that only the first 8 characters of variable names are used in the output.
  Shorten variable names to avoid any confusion.
*** WARNING
  Clusters with the same IDs have been found in different strata.  These
  clusters are assumed to be different because clusters are not allowed
  to appear in more than one stratum.
*** WARNING
  Data set contains unknown or missing values for GROUPING,
  PATTERN, COHORT, CLUSTER and/or STRATIFICATION variables.
  Number of cases with unknown or missing values:  2
*** WARNING
  Data set contains cases with missing on x-variables.
  These cases were not included in the analysis.
  Number of cases with missing on x-variables:  1016
   5 WARNING(S) FOUND IN THE INPUT INSTRUCTIONS




SUMMARY OF ANALYSIS

Number of groups                                                 1
Number of observations                                        4631

Number of dependent variables                                    3
Number of independent variables                                 12
Number of continuous latent variables                            2

Observed dependent variables

  Continuous
   EXTERNALIZ  EXTERNALIZ  EXTERNALIZ

Observed independent variables
   MATUREVI    WEEKLY_G    SEX         RACE_BLA    RACE_HIS    RACE_ASI
   RACE_OTH    PARENTIN    PARENTED    IQ          FLANKERT    INTERNAL

Continuous latent variables
   I           S

Variables with special functions

  Stratification        SITEID
  Cluster variable      FAMILYID

Estimator                                                      MLR
Information matrix                                        OBSERVED
Maximum number of iterations                                  1000
Convergence criterion                                    0.500D-04
Maximum number of steepest descent iterations                   20
Maximum number of iterations for H1                           2000
Convergence criterion for H1                             0.100D-03

Input data file(s)
  /Users/shawes/desktop/df_wide.txt

Input data format  FREE


SUMMARY OF DATA

     Number of missing data patterns             4
     Number of strata                      22
     Number of clusters                  4122


COVARIANCE COVERAGE OF DATA

Minimum covariance coverage value   0.100


     PROPORTION OF DATA PRESENT


           Covariance Coverage
              EXTERNAL      EXTERNAL      EXTERNAL      MATUREVI      WEEKLY_G
              ________      ________      ________      ________      ________
 EXTERNAL       1.000
 EXTERNAL       0.998         0.998
 EXTERNAL       0.769         0.768         0.769
 MATUREVI       1.000         0.998         0.769         1.000
 WEEKLY_G       1.000         0.998         0.769         1.000         1.000
 SEX            1.000         0.998         0.769         1.000         1.000
 RACE_BLA       1.000         0.998         0.769         1.000         1.000
 RACE_HIS       1.000         0.998         0.769         1.000         1.000
 RACE_ASI       1.000         0.998         0.769         1.000         1.000
 RACE_OTH       1.000         0.998         0.769         1.000         1.000
 PARENTIN       1.000         0.998         0.769         1.000         1.000
 PARENTED       1.000         0.998         0.769         1.000         1.000
 IQ             1.000         0.998         0.769         1.000         1.000
 FLANKERT       1.000         0.998         0.769         1.000         1.000
 INTERNAL       1.000         0.998         0.769         1.000         1.000


           Covariance Coverage
              SEX           RACE_BLA      RACE_HIS      RACE_ASI      RACE_OTH
              ________      ________      ________      ________      ________
 SEX            1.000
 RACE_BLA       1.000         1.000
 RACE_HIS       1.000         1.000         1.000
 RACE_ASI       1.000         1.000         1.000         1.000
 RACE_OTH       1.000         1.000         1.000         1.000         1.000
 PARENTIN       1.000         1.000         1.000         1.000         1.000
 PARENTED       1.000         1.000         1.000         1.000         1.000
 IQ             1.000         1.000         1.000         1.000         1.000
 FLANKERT       1.000         1.000         1.000         1.000         1.000
 INTERNAL       1.000         1.000         1.000         1.000         1.000


           Covariance Coverage
              PARENTIN      PARENTED      IQ            FLANKERT      INTERNAL
              ________      ________      ________      ________      ________
 PARENTIN       1.000
 PARENTED       1.000         1.000
 IQ             1.000         1.000         1.000
 FLANKERT       1.000         1.000         1.000         1.000
 INTERNAL       1.000         1.000         1.000         1.000         1.000


SAMPLE STATISTICS


     ESTIMATED SAMPLE STATISTICS


           Means
              EXTERNAL      EXTERNAL      EXTERNAL      MATUREVI      WEEKLY_G
              ________      ________      ________      ________      ________
      1         4.898         4.714         4.444         1.231        10.842


           Means
              SEX           RACE_BLA      RACE_HIS      RACE_ASI      RACE_OTH
              ________      ________      ________      ________      ________
      1         1.679         0.157         0.201         0.012         0.105


           Means
              PARENTIN      PARENTED      IQ            FLANKERT      INTERNAL
              ________      ________      ________      ________      ________
      1         4.833        16.583        47.528        46.242         5.260


           Covariances
              EXTERNAL      EXTERNAL      EXTERNAL      MATUREVI      WEEKLY_G
              ________      ________      ________      ________      ________
 EXTERNAL      38.873
 EXTERNAL      28.812        37.125
 EXTERNAL      27.417        28.155        36.791
 MATUREVI       0.215         0.208         0.239         0.178
 WEEKLY_G       3.643         2.493         2.866         0.497        65.159
 SEX            0.132         0.114         0.118         0.046         0.584
 RACE_BLA       0.101         0.064         0.003         0.011         0.345
 RACE_HIS      -0.044        -0.027        -0.018         0.009        -0.049
 RACE_ASI      -0.034        -0.036        -0.031        -0.002        -0.028
 RACE_OTH       0.059         0.081         0.090         0.004         0.079
 PARENTIN      -1.746        -1.694        -1.218        -0.086        -1.477
 PARENTED      -1.409        -1.186        -0.686        -0.171        -1.775
 IQ            -7.243        -6.275        -6.103        -0.255        -6.763
 FLANKERT      -3.066        -2.430        -2.259         0.067        -0.206
 INTERNAL      21.374        15.901        15.080         0.027         1.709


           Covariances
              SEX           RACE_BLA      RACE_HIS      RACE_ASI      RACE_OTH
              ________      ________      ________      ________      ________
 SEX            0.218
 RACE_BLA      -0.011         0.133
 RACE_HIS       0.002        -0.032         0.160
 RACE_ASI       0.000        -0.002        -0.002         0.012
 RACE_OTH      -0.003        -0.017        -0.021        -0.001         0.094
 PARENTIN       0.030        -0.103        -0.080         0.009         0.003
 PARENTED       0.035        -0.172        -0.257         0.020         0.007
 IQ            -0.081        -0.194         0.083         0.077        -0.320
 FLANKERT       0.010         0.196         0.126         0.047        -0.222
 INTERNAL      -0.064        -0.096         0.028        -0.020         0.048


           Covariances
              PARENTIN      PARENTED      IQ            FLANKERT      INTERNAL
              ________      ________      ________      ________      ________
 PARENTIN       6.961
 PARENTED       2.894         6.548
 IQ             1.970         2.247       121.759
 FLANKERT       0.543        -0.509        53.253        84.869
 INTERNAL      -1.582        -0.561        -3.835        -3.338        32.722


           Correlations
              EXTERNAL      EXTERNAL      EXTERNAL      MATUREVI      WEEKLY_G
              ________      ________      ________      ________      ________
 EXTERNAL       1.000
 EXTERNAL       0.758         1.000
 EXTERNAL       0.725         0.762         1.000
 MATUREVI       0.082         0.081         0.093         1.000
 WEEKLY_G       0.072         0.051         0.059         0.146         1.000
 SEX            0.045         0.040         0.042         0.233         0.155
 RACE_BLA       0.044         0.029         0.001         0.072         0.117
 RACE_HIS      -0.018        -0.011        -0.007         0.055        -0.015
 RACE_ASI      -0.049        -0.054        -0.047        -0.038        -0.032
 RACE_OTH       0.031         0.043         0.048         0.030         0.032
 PARENTIN      -0.106        -0.105        -0.076        -0.077        -0.069
 PARENTED      -0.088        -0.076        -0.044        -0.159        -0.086
 IQ            -0.105        -0.093        -0.091        -0.055        -0.076
 FLANKERT      -0.053        -0.043        -0.040         0.017        -0.003
 INTERNAL       0.599         0.456         0.435         0.011         0.037


           Correlations
              SEX           RACE_BLA      RACE_HIS      RACE_ASI      RACE_OTH
              ________      ________      ________      ________      ________
 SEX            1.000
 RACE_BLA      -0.065         1.000
 RACE_HIS       0.011        -0.217         1.000
 RACE_ASI       0.005        -0.048        -0.056         1.000
 RACE_OTH      -0.022        -0.148        -0.172        -0.038         1.000
 PARENTIN       0.025        -0.108        -0.076         0.031         0.004
 PARENTED       0.029        -0.185        -0.251         0.070         0.009
 IQ            -0.016        -0.048         0.019         0.063        -0.095
 FLANKERT       0.002         0.058         0.034         0.046        -0.079
 INTERNAL      -0.024        -0.046         0.012        -0.032         0.027


           Correlations
              PARENTIN      PARENTED      IQ            FLANKERT      INTERNAL
              ________      ________      ________      ________      ________
 PARENTIN       1.000
 PARENTED       0.429         1.000
 IQ             0.068         0.080         1.000
 FLANKERT       0.022        -0.022         0.524         1.000
 INTERNAL      -0.105        -0.038        -0.061        -0.063         1.000


     MAXIMUM LOG-LIKELIHOOD VALUE FOR THE UNRESTRICTED (H1) MODEL IS -128922.291


UNIVARIATE SAMPLE STATISTICS


     UNIVARIATE HIGHER-ORDER MOMENT DESCRIPTIVE STATISTICS

         Variable/         Mean/     Skewness/   Minimum/ % with                Percentiles
        Sample Size      Variance    Kurtosis    Maximum  Min/Max      20%/60%    40%/80%    Median

     EXTERNALIZING_T       4.898       2.197       0.000   24.75%       0.000      2.000      3.000
            4631.000      38.873       6.361      49.000    0.02%       4.000      8.000
     EXTERNALIZING_T       4.711       2.154       0.000   25.85%       0.000      2.000      3.000
            4623.000      37.122       5.684      47.000    0.02%       4.000      8.000
     EXTERNALIZING_T       4.376       2.471       0.000   28.66%       0.000      1.000      2.000
            3562.000      36.291       8.203      50.000    0.03%       3.000      7.000
     MATUREVIDEOGAME       1.231       1.273       1.000   76.85%       1.000      1.000      1.000
            4631.000       0.178      -0.379       2.000   23.15%       1.000      2.000
     WEEKLY_GAMING_H      10.842       0.820       0.000    3.26%       3.500      7.000      9.000
            4631.000      65.159      -0.332      28.000    9.09%      11.000     18.000
     SEX                   1.679      -0.766       1.000   32.11%       1.000      2.000      2.000
            4631.000       0.218      -1.413       2.000   67.89%       2.000      2.000
     RACE_BLACK            0.157       1.881       0.000   84.26%       0.000      0.000      0.000
            4631.000       0.133       1.539       1.000   15.74%       0.000      0.000
     RACE_HISPANIC         0.201       1.495       0.000   79.94%       0.000      0.000      0.000
            4631.000       0.160       0.236       1.000   20.06%       0.000      1.000
     RACE_ASIAN            0.012       8.846       0.000   98.77%       0.000      0.000      0.000
            4631.000       0.012      76.258       1.000    1.23%       0.000      0.000
     RACE_OTHER            0.105       2.574       0.000   89.48%       0.000      0.000      0.000
            4631.000       0.094       4.627       1.000   10.52%       0.000      0.000
     PARENTINCOME          4.833      -0.057       1.000   17.45%       2.000      4.000      5.000
            4631.000       6.961      -1.183      10.000    1.30%       6.000      7.000
     PARENTEDUCATION      16.583      -1.102       2.000    0.02%      15.000     16.000     18.000
            4631.000       6.548       1.892      21.000    2.50%      18.000     19.000
     IQ                   47.528       0.457       5.000    0.02%      38.000     44.000     47.000
            4631.000     121.759       1.103     126.000    0.02%      50.000     56.000
     FLANKERTEST          46.242       0.318      10.000    0.04%      38.000     44.000     46.000
            4631.000      84.869       0.916     101.000    0.02%      48.000     54.000
     INTERNALIZING_T       5.260       1.948       0.000   16.02%       1.000      2.000      3.000
            4631.000      32.722       5.145      49.000    0.02%       5.000      9.000


THE MODEL ESTIMATION TERMINATED NORMALLY



MODEL FIT INFORMATION

Number of Free Parameters                       32

Loglikelihood

          H0 Value                      -36587.296
          H0 Scaling Correction Factor      1.6751
            for MLR
          H1 Value                      -36554.418
          H1 Scaling Correction Factor      1.5255
            for MLR

Information Criteria

          Akaike (AIC)                   73238.592
          Bayesian (BIC)                 73444.689
          Sample-Size Adjusted BIC       73343.005
            (n* = (n + 2) / 24)

Chi-Square Test of Model Fit

          Value                             56.829*
          Degrees of Freedom                    13
          P-Value                           0.0000
          Scaling Correction Factor         1.1571
            for MLR

*   The chi-square value for MLM, MLMV, MLR, ULSMV, WLSM and WLSMV cannot be used
    for chi-square difference testing in the regular way.  MLM, MLR and WLSM
    chi-square difference testing is described on the Mplus website.  MLMV, WLSMV,
    and ULSMV difference testing is done using the DIFFTEST option.

RMSEA (Root Mean Square Error Of Approximation)

          Estimate                           0.027
          90 Percent C.I.                    0.020  0.034
          Probability RMSEA <= .05           1.000

CFI/TLI

          CFI                                0.994
          TLI                                0.982

Chi-Square Test of Model Fit for the Baseline Model

          Value                           7401.061
          Degrees of Freedom                    39
          P-Value                           0.0000

SRMR (Standardized Root Mean Square Residual)

          Value                              0.007



MODEL RESULTS

                                                    Two-Tailed
                    Estimate       S.E.  Est./S.E.    P-Value

 I        |
    EXTERNALIZ         1.000      0.000    999.000    999.000
    EXTERNALIZ         1.000      0.000    999.000    999.000
    EXTERNALIZ         1.000      0.000    999.000    999.000

 S        |
    EXTERNALIZ         0.000      0.000    999.000    999.000
    EXTERNALIZ         1.000      0.000    999.000    999.000
    EXTERNALIZ         2.000      0.000    999.000    999.000

 I        ON
    MATUREVIDE         0.650      0.190      3.421      0.001
    WEEKLY_GAM         0.013      0.010      1.287      0.198
    SEX                0.675      0.158      4.262      0.000
    RACE_BLACK         0.890      0.243      3.655      0.000
    RACE_HISPA        -0.410      0.196     -2.092      0.036
    RACE_ASIAN        -1.170      0.291     -4.026      0.000
    RACE_OTHER         0.271      0.270      1.002      0.316
    PARENTINCO        -0.042      0.030     -1.417      0.156
    PARENTEDUC        -0.106      0.034     -3.165      0.002
    IQ                -0.035      0.008     -4.556      0.000
    FLANKERTES         0.010      0.009      1.101      0.271
    INTERNALIZ         0.634      0.021     30.733      0.000

 S        ON
    MATUREVIDE         0.161      0.107      1.512      0.131
    WEEKLY_GAM        -0.002      0.005     -0.295      0.768
    SEX               -0.120      0.078     -1.536      0.124
    RACE_BLACK        -0.356      0.120     -2.957      0.003
    RACE_HISPA         0.113      0.104      1.088      0.277
    RACE_ASIAN        -0.176      0.214     -0.822      0.411
    RACE_OTHER         0.177      0.135      1.310      0.190
    PARENTINCO        -0.010      0.014     -0.727      0.467
    PARENTEDUC         0.049      0.016      3.033      0.002
    IQ                 0.000      0.004     -0.044      0.965
    FLANKERTES         0.003      0.005      0.546      0.585
    INTERNALIZ        -0.103      0.010    -10.581      0.000

 S        WITH
    I                 -0.681      0.587     -1.161      0.246

 Intercepts
    EXTERNALIZ         0.000      0.000    999.000    999.000
    EXTERNALIZ         0.000      0.000    999.000    999.000
    EXTERNALIZ         0.000      0.000    999.000    999.000
    I                  2.588      0.789      3.281      0.001
    S                 -0.513      0.386     -1.330      0.184

 Residual Variances
    EXTERNALIZ         5.748      0.910      6.314      0.000
    EXTERNALIZ         9.875      0.648     15.244      0.000
    EXTERNALIZ         5.918      1.258      4.706      0.000
    I                 18.394      1.111     16.559      0.000
    S                  1.938      0.508      3.814      0.000


STANDARDIZED MODEL RESULTS


STDYX Standardization

                                                    Two-Tailed
                    Estimate       S.E.  Est./S.E.    P-Value

 I        |
    EXTERNALIZ         0.922      0.013     71.910      0.000
    EXTERNALIZ         0.914      0.015     62.218      0.000
    EXTERNALIZ         0.949      0.028     33.902      0.000

 S        |
    EXTERNALIZ         0.000      0.000    999.000    999.000
    EXTERNALIZ         0.244      0.026      9.381      0.000
    EXTERNALIZ         0.507      0.060      8.473      0.000

 I        ON
    MATUREVIDE         0.048      0.014      3.417      0.001
    WEEKLY_GAM         0.018      0.014      1.290      0.197
    SEX                0.055      0.013      4.264      0.000
    RACE_BLACK         0.057      0.016      3.643      0.000
    RACE_HISPA        -0.029      0.014     -2.101      0.036
    RACE_ASIAN        -0.023      0.006     -3.883      0.000
    RACE_OTHER         0.015      0.015      1.001      0.317
    PARENTINCO        -0.019      0.014     -1.420      0.156
    PARENTEDUC        -0.048      0.015     -3.153      0.002
    IQ                -0.068      0.015     -4.569      0.000
    FLANKERTES         0.017      0.015      1.103      0.270
    INTERNALIZ         0.636      0.016     39.252      0.000

 S        ON
    MATUREVIDE         0.045      0.030      1.473      0.141
    WEEKLY_GAM        -0.008      0.028     -0.295      0.768
    SEX               -0.037      0.024     -1.502      0.133
    RACE_BLACK        -0.085      0.030     -2.823      0.005
    RACE_HISPA         0.030      0.027      1.085      0.278
    RACE_ASIAN        -0.013      0.016     -0.818      0.413
    RACE_OTHER         0.036      0.028      1.298      0.194
    PARENTINCO        -0.018      0.025     -0.723      0.470
    PARENTEDUC         0.082      0.028      2.897      0.004
    IQ                -0.001      0.027     -0.044      0.965
    FLANKERTES         0.016      0.029      0.546      0.585
    INTERNALIZ        -0.388      0.051     -7.611      0.000

 S        WITH
    I                 -0.114      0.084     -1.352      0.176

 Intercepts
    EXTERNALIZ         0.000      0.000    999.000    999.000
    EXTERNALIZ         0.000      0.000    999.000    999.000
    EXTERNALIZ         0.000      0.000    999.000    999.000
    I                  0.454      0.139      3.256      0.001
    S                 -0.337      0.256     -1.314      0.189

 Residual Variances
    EXTERNALIZ         0.150      0.024      6.357      0.000
    EXTERNALIZ         0.254      0.013     19.091      0.000
    EXTERNALIZ         0.164      0.033      5.034      0.000
    I                  0.566      0.021     27.475      0.000
    S                  0.834      0.042     19.783      0.000


R-SQUARE

    Observed                                        Two-Tailed
    Variable        Estimate       S.E.  Est./S.E.    P-Value

    EXTERNAL           0.850      0.024     35.955      0.000
    EXTERNAL           0.746      0.013     56.101      0.000
    EXTERNAL           0.836      0.033     25.665      0.000

     Latent                                         Two-Tailed
    Variable        Estimate       S.E.  Est./S.E.    P-Value

    I                  0.434      0.021     21.091      0.000
    S                  0.166      0.042      3.928      0.000


QUALITY OF NUMERICAL RESULTS

     Condition Number for the Information Matrix              0.492E-06
       (ratio of smallest to largest eigenvalue)


CONFIDENCE INTERVALS OF MODEL RESULTS

                  Lower .5%  Lower 2.5%    Lower 5%    Estimate    Upper 5%  Upper 2.5%   Upper .5%

 I        |
    EXTERNALIZ       1.000       1.000       1.000       1.000       1.000       1.000       1.000
    EXTERNALIZ       1.000       1.000       1.000       1.000       1.000       1.000       1.000
    EXTERNALIZ       1.000       1.000       1.000       1.000       1.000       1.000       1.000

 S        |
    EXTERNALIZ       0.000       0.000       0.000       0.000       0.000       0.000       0.000
    EXTERNALIZ       1.000       1.000       1.000       1.000       1.000       1.000       1.000
    EXTERNALIZ       2.000       2.000       2.000       2.000       2.000       2.000       2.000

 I        ON
    MATUREVIDE       0.161       0.278       0.337       0.650       0.963       1.023       1.140
    WEEKLY_GAM      -0.013      -0.007      -0.003       0.013       0.029       0.032       0.038
    SEX              0.267       0.364       0.414       0.675       0.935       0.985       1.082
    RACE_BLACK       0.263       0.413       0.489       0.890       1.290       1.367       1.517
    RACE_HISPA      -0.914      -0.794      -0.732      -0.410      -0.087      -0.026       0.095
    RACE_ASIAN      -1.918      -1.739      -1.648      -1.170      -0.692      -0.600      -0.421
    RACE_OTHER      -0.425      -0.259      -0.174       0.271       0.715       0.800       0.966
    PARENTINCO      -0.119      -0.100      -0.091      -0.042       0.007       0.016       0.034
    PARENTEDUC      -0.193      -0.172      -0.162      -0.106      -0.051      -0.040      -0.020
    IQ              -0.055      -0.050      -0.048      -0.035      -0.022      -0.020      -0.015
    FLANKERTES      -0.014      -0.008      -0.005       0.010       0.026       0.029       0.034
    INTERNALIZ       0.580       0.593       0.600       0.634       0.668       0.674       0.687

 S        ON
    MATUREVIDE      -0.114      -0.048      -0.014       0.161       0.337       0.370       0.436
    WEEKLY_GAM      -0.015      -0.012      -0.010      -0.002       0.007       0.009       0.012
    SEX             -0.320      -0.272      -0.248      -0.120       0.008       0.033       0.081
    RACE_BLACK      -0.667      -0.592      -0.554      -0.356      -0.158      -0.120      -0.046
    RACE_HISPA      -0.155      -0.091      -0.058       0.113       0.284       0.317       0.381
    RACE_ASIAN      -0.727      -0.595      -0.528      -0.176       0.176       0.244       0.375
    RACE_OTHER      -0.172      -0.088      -0.045       0.177       0.400       0.443       0.526
    PARENTINCO      -0.047      -0.038      -0.034      -0.010       0.013       0.018       0.026
    PARENTEDUC       0.007       0.017       0.022       0.049       0.075       0.080       0.090
    IQ              -0.010      -0.008      -0.006       0.000       0.006       0.007       0.010
    FLANKERTES      -0.010      -0.007      -0.005       0.003       0.010       0.012       0.015
    INTERNALIZ      -0.128      -0.122      -0.119      -0.103      -0.087      -0.084      -0.078

 S        WITH
    I               -2.193      -1.832      -1.647      -0.681       0.284       0.469       0.830

 Intercepts
    EXTERNAL         0.000       0.000       0.000       0.000       0.000       0.000       0.000
    EXTERNAL         0.000       0.000       0.000       0.000       0.000       0.000       0.000
    EXTERNAL         0.000       0.000       0.000       0.000       0.000       0.000       0.000
    I                0.556       1.042       1.290       2.588       3.885       4.134       4.620
    S               -1.507      -1.269      -1.148      -0.513       0.122       0.243       0.481

 Residual Variances
    EXTERNAL         3.403       3.964       4.251       5.748       7.246       7.533       8.094
    EXTERNAL         8.206       8.605       8.809       9.875      10.941      11.145      11.544
    EXTERNAL         2.678       3.453       3.849       5.918       7.986       8.382       9.157
    I               15.533      16.217      16.567      18.394      20.221      20.571      21.255
    S                0.629       0.942       1.102       1.938       2.774       2.934       3.247


CONFIDENCE INTERVALS OF STANDARDIZED MODEL RESULTS


STDYX Standardization

                  Lower .5%  Lower 2.5%    Lower 5%    Estimate    Upper 5%  Upper 2.5%   Upper .5%

 I        |
    EXTERNALIZ       0.889       0.897       0.901       0.922       0.943       0.947       0.955
    EXTERNALIZ       0.876       0.886       0.890       0.914       0.938       0.943       0.952
    EXTERNALIZ       0.877       0.894       0.903       0.949       0.995       1.004       1.021

 S        |
    EXTERNALIZ       0.000       0.000       0.000       0.000       0.000       0.000       0.000
    EXTERNALIZ       0.177       0.193       0.202       0.244       0.287       0.295       0.311
    EXTERNALIZ       0.353       0.390       0.409       0.507       0.606       0.625       0.662

 I        ON
    MATUREVIDE       0.012       0.021       0.025       0.048       0.071       0.076       0.084
    WEEKLY_GAM      -0.018      -0.009      -0.005       0.018       0.040       0.045       0.053
    SEX              0.022       0.030       0.034       0.055       0.077       0.081       0.089
    RACE_BLACK       0.017       0.026       0.031       0.057       0.082       0.087       0.097
    RACE_HISPA      -0.064      -0.056      -0.051      -0.029      -0.006      -0.002       0.007
    RACE_ASIAN      -0.038      -0.034      -0.032      -0.023      -0.013      -0.011      -0.008
    RACE_OTHER      -0.023      -0.014      -0.009       0.015       0.038       0.043       0.052
    PARENTINCO      -0.055      -0.046      -0.042      -0.019       0.003       0.007       0.016
    PARENTEDUC      -0.087      -0.077      -0.073      -0.048      -0.023      -0.018      -0.009
    IQ              -0.106      -0.097      -0.092      -0.068      -0.043      -0.039      -0.030
    FLANKERTES      -0.022      -0.013      -0.008       0.017       0.041       0.046       0.055
    INTERNALIZ       0.594       0.604       0.609       0.636       0.662       0.667       0.677

 S        ON
    MATUREVIDE      -0.033      -0.015      -0.005       0.045       0.094       0.104       0.123
    WEEKLY_GAM      -0.080      -0.063      -0.054      -0.008       0.038       0.046       0.063
    SEX             -0.099      -0.084      -0.077      -0.037       0.003       0.011       0.026
    RACE_BLACK      -0.163      -0.144      -0.135      -0.085      -0.036      -0.026      -0.007
    RACE_HISPA      -0.041      -0.024      -0.015       0.030       0.075       0.083       0.100
    RACE_ASIAN      -0.053      -0.043      -0.038      -0.013       0.013       0.018       0.027
    RACE_OTHER      -0.035      -0.018      -0.010       0.036       0.081       0.090       0.107
    PARENTINCO      -0.082      -0.067      -0.059      -0.018       0.023       0.031       0.046
    PARENTEDUC       0.009       0.026       0.035       0.082       0.128       0.137       0.154
    IQ              -0.072      -0.055      -0.046      -0.001       0.044       0.053       0.069
    FLANKERTES      -0.059      -0.041      -0.032       0.016       0.063       0.072       0.090
    INTERNALIZ      -0.519      -0.488      -0.471      -0.388      -0.304      -0.288      -0.256

 S        WITH
    I               -0.332      -0.280      -0.253      -0.114       0.025       0.051       0.103

 Intercepts
    EXTERNAL         0.000       0.000       0.000       0.000       0.000       0.000       0.000
    EXTERNAL         0.000       0.000       0.000       0.000       0.000       0.000       0.000
    EXTERNAL         0.000       0.000       0.000       0.000       0.000       0.000       0.000
    I                0.095       0.181       0.225       0.454       0.683       0.727       0.813
    S               -0.996      -0.839      -0.758      -0.337       0.085       0.165       0.323

 Residual Variances
    EXTERNAL         0.089       0.104       0.111       0.150       0.189       0.197       0.211
    EXTERNAL         0.220       0.228       0.232       0.254       0.276       0.280       0.288
    EXTERNAL         0.080       0.100       0.110       0.164       0.218       0.228       0.248
    I                0.513       0.525       0.532       0.566       0.600       0.606       0.619
    S                0.726       0.752       0.765       0.834       0.904       0.917       0.943


     Beginning Time:  13:09:11
        Ending Time:  13:09:11
       Elapsed Time:  00:00:00



MUTHEN & MUTHEN
3463 Stoner Ave.
Los Angeles, CA  90066

Tel: (310) 391-9971
Fax: (310) 391-8971
Web: www.StatModel.com
Support: Support@StatModel.com

Copyright (c) 1998-2015 Muthen & Muthen
