Mplus VERSION 7.4 (Mac)
MUTHEN & MUTHEN
01/27/2023   1:13 PM

INPUT INSTRUCTIONS

  Data:
  file is /Users/shawes/desktop/df_wide.txt;

  Define:
  INT1 = MatureVideoGames*Weekly_Gaming_Hours_T0;
  INT2 = MatureVideoGames*Sex;
  INT3 = Weekly_Gaming_Hours_T0*Sex;
  INT4 = MatureVideoGames*Weekly_Gaming_Hours_T0*Sex;

  Variable: names are
  ids, SiteID, FamilyID, Sex, Age,
  Race_White, Race_Black, Race_Hispanic, Race_Asian, Race_Other,
  ParentIncome, ParentEducation, IQ, FlankerTest,
  PubertalDevelopment_F, PubertalDevelopment_M,
  MatureVideoGames,
  Weekly_Gaming_Hours_T0, Weekly_Gaming_Hours_T1, Weekly_Gaming_Hours_T2,
  Aggression_T0, Aggression_T1, Aggression_T2,
  Externalizing_T0, Externalizing_T1, Externalizing_T2,
  Internalizing_T0
  ;

  Usevariables are
  Externalizing_T0, Externalizing_T1, Externalizing_T2,
  MatureVideoGames,
  Weekly_Gaming_Hours_T0,
  Sex,
  Race_Black, Race_Hispanic, Race_Asian, Race_Other
  ParentIncome, ParentEducation, IQ,
  FlankerTest, Internalizing_T0,
  INT1,
  INT2,
  INT3,
  INT4
  ;

  Missing are all (999, 777);

  Stratification = SiteID;
  CLUSTER = FamilyID;

  ANALYSIS:
  Estimator = MLR;
  TYPE=complex;
  Integration = Montecarlo;

  MODEL:

  I S | Externalizing_T0@0 Externalizing_T1@1 Externalizing_T2@2;

  !S@0;

  I on MatureVideoGames Weekly_Gaming_Hours_T0 Sex
  Race_Black Race_Hispanic Race_Asian Race_Other
  ParentIncome ParentEducation IQ
  FlankerTest Internalizing_T0
  INT1 INT2 INT3 INT4;

  S on MatureVideoGames Weekly_Gaming_Hours_T0 Sex
  Race_Black Race_Hispanic Race_Asian Race_Other
  ParentIncome ParentEducation IQ
  FlankerTest Internalizing_T0
  INT1 INT2 INT3 INT4;


  !I on MatureVideoGames Weekly_Gaming_Hours_T0
  !Sex Race_Black Race_Hispanic Race_Asian Race_Other
  !ParentIncome ParentEducation IQ FlankerTest Internalizing_T0
  !INT1
  !INT2
  !INT3
  !INT4
  !;



  Output: Sampstat Stdyx CINTERVAL;





*** WARNING in ANALYSIS command
  The INTEGRATION option is not available with this analysis.
  INTEGRATION will be ignored.
  Specify ALGORITHM=INTEGRATION to use this option.
*** WARNING in VARIABLE command
  Note that only the first 8 characters of variable names are used in the output.
  Shorten variable names to avoid any confusion.
*** WARNING
  Clusters with the same IDs have been found in different strata.  These
  clusters are assumed to be different because clusters are not allowed
  to appear in more than one stratum.
*** WARNING
  Data set contains unknown or missing values for GROUPING,
  PATTERN, COHORT, CLUSTER and/or STRATIFICATION variables.
  Number of cases with unknown or missing values:  2
*** WARNING
  Data set contains cases with missing on x-variables.
  These cases were not included in the analysis.
  Number of cases with missing on x-variables:  1016
   5 WARNING(S) FOUND IN THE INPUT INSTRUCTIONS




SUMMARY OF ANALYSIS

Number of groups                                                 1
Number of observations                                        4631

Number of dependent variables                                    3
Number of independent variables                                 16
Number of continuous latent variables                            2

Observed dependent variables

  Continuous
   EXTERNALIZ  EXTERNALIZ  EXTERNALIZ

Observed independent variables
   MATUREVI    WEEKLY_G    SEX         RACE_BLA    RACE_HIS    RACE_ASI
   RACE_OTH    PARENTIN    PARENTED    IQ          FLANKERT    INTERNAL
   INT1        INT2        INT3        INT4

Continuous latent variables
   I           S

Variables with special functions

  Stratification        SITEID
  Cluster variable      FAMILYID

Estimator                                                      MLR
Information matrix                                        OBSERVED
Maximum number of iterations                                  1000
Convergence criterion                                    0.500D-04
Maximum number of steepest descent iterations                   20
Maximum number of iterations for H1                           2000
Convergence criterion for H1                             0.100D-03

Input data file(s)
  /Users/shawes/desktop/df_wide.txt

Input data format  FREE


SUMMARY OF DATA

     Number of missing data patterns             4
     Number of strata                      22
     Number of clusters                  4122


COVARIANCE COVERAGE OF DATA

Minimum covariance coverage value   0.100


     PROPORTION OF DATA PRESENT


           Covariance Coverage
              EXTERNAL      EXTERNAL      EXTERNAL      MATUREVI      WEEKLY_G
              ________      ________      ________      ________      ________
 EXTERNAL       1.000
 EXTERNAL       0.998         0.998
 EXTERNAL       0.769         0.768         0.769
 MATUREVI       1.000         0.998         0.769         1.000
 WEEKLY_G       1.000         0.998         0.769         1.000         1.000
 SEX            1.000         0.998         0.769         1.000         1.000
 RACE_BLA       1.000         0.998         0.769         1.000         1.000
 RACE_HIS       1.000         0.998         0.769         1.000         1.000
 RACE_ASI       1.000         0.998         0.769         1.000         1.000
 RACE_OTH       1.000         0.998         0.769         1.000         1.000
 PARENTIN       1.000         0.998         0.769         1.000         1.000
 PARENTED       1.000         0.998         0.769         1.000         1.000
 IQ             1.000         0.998         0.769         1.000         1.000
 FLANKERT       1.000         0.998         0.769         1.000         1.000
 INTERNAL       1.000         0.998         0.769         1.000         1.000
 INT1           1.000         0.998         0.769         1.000         1.000
 INT2           1.000         0.998         0.769         1.000         1.000
 INT3           1.000         0.998         0.769         1.000         1.000
 INT4           1.000         0.998         0.769         1.000         1.000


           Covariance Coverage
              SEX           RACE_BLA      RACE_HIS      RACE_ASI      RACE_OTH
              ________      ________      ________      ________      ________
 SEX            1.000
 RACE_BLA       1.000         1.000
 RACE_HIS       1.000         1.000         1.000
 RACE_ASI       1.000         1.000         1.000         1.000
 RACE_OTH       1.000         1.000         1.000         1.000         1.000
 PARENTIN       1.000         1.000         1.000         1.000         1.000
 PARENTED       1.000         1.000         1.000         1.000         1.000
 IQ             1.000         1.000         1.000         1.000         1.000
 FLANKERT       1.000         1.000         1.000         1.000         1.000
 INTERNAL       1.000         1.000         1.000         1.000         1.000
 INT1           1.000         1.000         1.000         1.000         1.000
 INT2           1.000         1.000         1.000         1.000         1.000
 INT3           1.000         1.000         1.000         1.000         1.000
 INT4           1.000         1.000         1.000         1.000         1.000


           Covariance Coverage
              PARENTIN      PARENTED      IQ            FLANKERT      INTERNAL
              ________      ________      ________      ________      ________
 PARENTIN       1.000
 PARENTED       1.000         1.000
 IQ             1.000         1.000         1.000
 FLANKERT       1.000         1.000         1.000         1.000
 INTERNAL       1.000         1.000         1.000         1.000         1.000
 INT1           1.000         1.000         1.000         1.000         1.000
 INT2           1.000         1.000         1.000         1.000         1.000
 INT3           1.000         1.000         1.000         1.000         1.000
 INT4           1.000         1.000         1.000         1.000         1.000


           Covariance Coverage
              INT1          INT2          INT3          INT4
              ________      ________      ________      ________
 INT1           1.000
 INT2           1.000         1.000
 INT3           1.000         1.000         1.000
 INT4           1.000         1.000         1.000         1.000


SAMPLE STATISTICS


     ESTIMATED SAMPLE STATISTICS


           Means
              EXTERNAL      EXTERNAL      EXTERNAL      MATUREVI      WEEKLY_G
              ________      ________      ________      ________      ________
      1         4.898         4.714         4.446         1.231        10.842


           Means
              SEX           RACE_BLA      RACE_HIS      RACE_ASI      RACE_OTH
              ________      ________      ________      ________      ________
      1         1.679         0.157         0.201         0.012         0.105


           Means
              PARENTIN      PARENTED      IQ            FLANKERT      INTERNAL
              ________      ________      ________      ________      ________
      1         4.833        16.583        47.528        46.242         5.260


           Means
              INT1          INT2          INT3          INT4
              ________      ________      ________      ________
      1        13.848         2.113        18.786        24.495


           Covariances
              EXTERNAL      EXTERNAL      EXTERNAL      MATUREVI      WEEKLY_G
              ________      ________      ________      ________      ________
 EXTERNAL      38.873
 EXTERNAL      28.813        37.125
 EXTERNAL      27.403        28.137        36.766
 MATUREVI       0.215         0.208         0.240         0.178
 WEEKLY_G       3.643         2.492         2.830         0.497        65.159
 SEX            0.132         0.114         0.116         0.046         0.584
 RACE_BLA       0.101         0.064         0.004         0.011         0.345
 RACE_HIS      -0.044        -0.027        -0.017         0.009        -0.049
 RACE_ASI      -0.034        -0.036        -0.031        -0.002        -0.028
 RACE_OTH       0.059         0.081         0.090         0.004         0.079
 PARENTIN      -1.746        -1.694        -1.228        -0.086        -1.477
 PARENTED      -1.409        -1.186        -0.700        -0.171        -1.775
 IQ            -7.243        -6.275        -6.098        -0.255        -6.763
 FLANKERT      -3.066        -2.430        -2.262         0.067        -0.206
 INTERNAL      21.374        15.901        15.084         0.027         1.709
 INT1           7.485         5.770         6.358         2.807        89.463
 INT2           0.544         0.502         0.540         0.380         1.583
 INT3           7.866         5.980         6.415         1.360       117.450
 INT4          15.300        12.303        12.968         5.748       164.124


           Covariances
              SEX           RACE_BLA      RACE_HIS      RACE_ASI      RACE_OTH
              ________      ________      ________      ________      ________
 SEX            0.218
 RACE_BLA      -0.011         0.133
 RACE_HIS       0.002        -0.032         0.160
 RACE_ASI       0.000        -0.002        -0.002         0.012
 RACE_OTH      -0.003        -0.017        -0.021        -0.001         0.094
 PARENTIN       0.030        -0.103        -0.080         0.009         0.003
 PARENTED       0.035        -0.172        -0.257         0.020         0.007
 IQ            -0.081        -0.194         0.083         0.077        -0.320
 FLANKERT       0.010         0.196         0.126         0.047        -0.222
 INTERNAL      -0.064        -0.096         0.028        -0.020         0.048
 INT1           1.245         0.598        -0.021        -0.050         0.106
 INT2           0.329         0.008         0.019        -0.003         0.004
 INT3           3.135         0.505        -0.063        -0.047         0.131
 INT4           4.664         0.966        -0.001        -0.086         0.181


           Covariances
              PARENTIN      PARENTED      IQ            FLANKERT      INTERNAL
              ________      ________      ________      ________      ________
 PARENTIN       6.961
 PARENTED       2.894         6.548
 IQ             1.970         2.247       121.759
 FLANKERT       0.543        -0.509        53.253        84.869
 INTERNAL      -1.582        -0.561        -3.835        -3.338        32.722
 INT1          -2.896        -4.266       -11.832        -0.468         2.030
 INT2          -0.106        -0.270        -0.556         0.112        -0.023
 INT3          -2.235        -2.966       -13.179        -0.438         2.559
 INT4          -4.604        -7.507       -22.986        -1.224         3.033


           Covariances
              INT1          INT2          INT3          INT4
              ________      ________      ________      ________
 INT1         161.628
 INT2           6.647         1.092
 INT3         169.537         6.087       245.048
 INT4         307.615        16.250       349.704       633.671


           Correlations
              EXTERNAL      EXTERNAL      EXTERNAL      MATUREVI      WEEKLY_G
              ________      ________      ________      ________      ________
 EXTERNAL       1.000
 EXTERNAL       0.758         1.000
 EXTERNAL       0.725         0.762         1.000
 MATUREVI       0.082         0.081         0.094         1.000
 WEEKLY_G       0.072         0.051         0.058         0.146         1.000
 SEX            0.045         0.040         0.041         0.233         0.155
 RACE_BLA       0.044         0.029         0.002         0.072         0.117
 RACE_HIS      -0.018        -0.011        -0.007         0.055        -0.015
 RACE_ASI      -0.049        -0.054        -0.047        -0.038        -0.032
 RACE_OTH       0.031         0.043         0.048         0.030         0.032
 PARENTIN      -0.106        -0.105        -0.077        -0.077        -0.069
 PARENTED      -0.088        -0.076        -0.045        -0.159        -0.086
 IQ            -0.105        -0.093        -0.091        -0.055        -0.076
 FLANKERT      -0.053        -0.043        -0.040         0.017        -0.003
 INTERNAL       0.599         0.456         0.435         0.011         0.037
 INT1           0.094         0.074         0.082         0.524         0.872
 INT2           0.084         0.079         0.085         0.862         0.188
 INT3           0.081         0.063         0.068         0.206         0.929
 INT4           0.097         0.080         0.085         0.541         0.808


           Correlations
              SEX           RACE_BLA      RACE_HIS      RACE_ASI      RACE_OTH
              ________      ________      ________      ________      ________
 SEX            1.000
 RACE_BLA      -0.065         1.000
 RACE_HIS       0.011        -0.217         1.000
 RACE_ASI       0.005        -0.048        -0.056         1.000
 RACE_OTH      -0.022        -0.148        -0.172        -0.038         1.000
 PARENTIN       0.025        -0.108        -0.076         0.031         0.004
 PARENTED       0.029        -0.185        -0.251         0.070         0.009
 IQ            -0.016        -0.048         0.019         0.063        -0.095
 FLANKERT       0.002         0.058         0.034         0.046        -0.079
 INTERNAL      -0.024        -0.046         0.012        -0.032         0.027
 INT1           0.210         0.129        -0.004        -0.035         0.027
 INT2           0.674         0.022         0.046        -0.025         0.013
 INT3           0.429         0.088        -0.010        -0.027         0.027
 INT4           0.397         0.105         0.000        -0.031         0.023


           Correlations
              PARENTIN      PARENTED      IQ            FLANKERT      INTERNAL
              ________      ________      ________      ________      ________
 PARENTIN       1.000
 PARENTED       0.429         1.000
 IQ             0.068         0.080         1.000
 FLANKERT       0.022        -0.022         0.524         1.000
 INTERNAL      -0.105        -0.038        -0.061        -0.063         1.000
 INT1          -0.086        -0.131        -0.084        -0.004         0.028
 INT2          -0.038        -0.101        -0.048         0.012        -0.004
 INT3          -0.054        -0.074        -0.076        -0.003         0.029
 INT4          -0.069        -0.117        -0.083        -0.005         0.021


           Correlations
              INT1          INT2          INT3          INT4
              ________      ________      ________      ________
 INT1           1.000
 INT2           0.500         1.000
 INT3           0.852         0.372         1.000
 INT4           0.961         0.618         0.887         1.000


     MAXIMUM LOG-LIKELIHOOD VALUE FOR THE UNRESTRICTED (H1) MODEL IS -158929.027


UNIVARIATE SAMPLE STATISTICS


     UNIVARIATE HIGHER-ORDER MOMENT DESCRIPTIVE STATISTICS

         Variable/         Mean/     Skewness/   Minimum/ % with                Percentiles
        Sample Size      Variance    Kurtosis    Maximum  Min/Max      20%/60%    40%/80%    Median

     EXTERNALIZING_T       4.898       2.197       0.000   24.75%       0.000      2.000      3.000
            4631.000      38.873       6.361      49.000    0.02%       4.000      8.000
     EXTERNALIZING_T       4.711       2.154       0.000   25.85%       0.000      2.000      3.000
            4623.000      37.122       5.684      47.000    0.02%       4.000      8.000
     EXTERNALIZING_T       4.376       2.471       0.000   28.66%       0.000      1.000      2.000
            3562.000      36.291       8.203      50.000    0.03%       3.000      7.000
     MATUREVIDEOGAME       1.231       1.273       1.000   76.85%       1.000      1.000      1.000
            4631.000       0.178      -0.379       2.000   23.15%       1.000      2.000
     WEEKLY_GAMING_H      10.842       0.820       0.000    3.26%       3.500      7.000      9.000
            4631.000      65.159      -0.332      28.000    9.09%      11.000     18.000
     SEX                   1.679      -0.766       1.000   32.11%       1.000      2.000      2.000
            4631.000       0.218      -1.413       2.000   67.89%       2.000      2.000
     RACE_BLACK            0.157       1.881       0.000   84.26%       0.000      0.000      0.000
            4631.000       0.133       1.539       1.000   15.74%       0.000      0.000
     RACE_HISPANIC         0.201       1.495       0.000   79.94%       0.000      0.000      0.000
            4631.000       0.160       0.236       1.000   20.06%       0.000      1.000
     RACE_ASIAN            0.012       8.846       0.000   98.77%       0.000      0.000      0.000
            4631.000       0.012      76.258       1.000    1.23%       0.000      0.000
     RACE_OTHER            0.105       2.574       0.000   89.48%       0.000      0.000      0.000
            4631.000       0.094       4.627       1.000   10.52%       0.000      0.000
     PARENTINCOME          4.833      -0.057       1.000   17.45%       2.000      4.000      5.000
            4631.000       6.961      -1.183      10.000    1.30%       6.000      7.000
     PARENTEDUCATION      16.583      -1.102       2.000    0.02%      15.000     16.000     18.000
            4631.000       6.548       1.892      21.000    2.50%      18.000     19.000
     IQ                   47.528       0.457       5.000    0.02%      38.000     44.000     47.000
            4631.000     121.759       1.103     126.000    0.02%      50.000     56.000
     FLANKERTEST          46.242       0.318      10.000    0.04%      38.000     44.000     46.000
            4631.000      84.869       0.916     101.000    0.02%      48.000     54.000
     INTERNALIZING_T       5.260       1.948       0.000   16.02%       1.000      2.000      3.000
            4631.000      32.722       5.145      49.000    0.02%       5.000      9.000
     INT1                 13.848       1.658       0.000    3.26%       4.500      7.000      9.000
            4631.000     161.628       2.658      56.000    3.41%      13.000     22.000
     INT2                  2.113       0.840       1.000   29.26%       1.000      2.000      2.000
            4631.000       1.092      -0.465       4.000   20.30%       2.000      4.000
     INT3                 18.786       1.069       0.000    3.26%       6.000     12.000     14.000
            4631.000     245.048       0.245      56.000    7.45%      18.000     28.000
     INT4                 24.495       1.849       0.000    3.26%       7.000     14.000     16.000
            4631.000     633.671       3.343     112.000    3.17%      21.000     36.000


THE MODEL ESTIMATION TERMINATED NORMALLY



MODEL FIT INFORMATION

Number of Free Parameters                       40

Loglikelihood

          H0 Value                      -36578.408
          H0 Scaling Correction Factor      1.6329
            for MLR
          H1 Value                      -36544.442
          H1 Scaling Correction Factor      1.5151
            for MLR

Information Criteria

          Akaike (AIC)                   73236.817
          Bayesian (BIC)                 73494.438
          Sample-Size Adjusted BIC       73367.333
            (n* = (n + 2) / 24)

Chi-Square Test of Model Fit

          Value                             54.876*
          Degrees of Freedom                    17
          P-Value                           0.0000
          Scaling Correction Factor         1.2380
            for MLR

*   The chi-square value for MLM, MLMV, MLR, ULSMV, WLSM and WLSMV cannot be used
    for chi-square difference testing in the regular way.  MLM, MLR and WLSM
    chi-square difference testing is described on the Mplus website.  MLMV, WLSMV,
    and ULSMV difference testing is done using the DIFFTEST option.

RMSEA (Root Mean Square Error Of Approximation)

          Estimate                           0.022
          90 Percent C.I.                    0.016  0.029
          Probability RMSEA <= .05           1.000

CFI/TLI

          CFI                                0.995
          TLI                                0.984

Chi-Square Test of Model Fit for the Baseline Model

          Value                           7204.824
          Degrees of Freedom                    51
          P-Value                           0.0000

SRMR (Standardized Root Mean Square Residual)

          Value                              0.005



MODEL RESULTS

                                                    Two-Tailed
                    Estimate       S.E.  Est./S.E.    P-Value

 I        |
    EXTERNALIZ         1.000      0.000    999.000    999.000
    EXTERNALIZ         1.000      0.000    999.000    999.000
    EXTERNALIZ         1.000      0.000    999.000    999.000

 S        |
    EXTERNALIZ         0.000      0.000    999.000    999.000
    EXTERNALIZ         1.000      0.000    999.000    999.000
    EXTERNALIZ         2.000      0.000    999.000    999.000

 I        ON
    MATUREVIDE         0.904      1.475      0.613      0.540
    WEEKLY_GAM         0.065      0.141      0.462      0.644
    SEX                1.231      0.912      1.350      0.177
    RACE_BLACK         0.893      0.243      3.669      0.000
    RACE_HISPA        -0.389      0.196     -1.981      0.048
    RACE_ASIAN        -1.196      0.291     -4.115      0.000
    RACE_OTHER         0.302      0.270      1.115      0.265
    PARENTINCO        -0.043      0.030     -1.433      0.152
    PARENTEDUC        -0.106      0.034     -3.167      0.002
    IQ                -0.035      0.008     -4.589      0.000
    FLANKERTES         0.011      0.009      1.185      0.236
    INTERNALIZ         0.634      0.021     30.801      0.000
    INT1              -0.046      0.126     -0.366      0.714
    INT2              -0.440      0.796     -0.552      0.581
    INT3              -0.060      0.077     -0.786      0.432
    INT4               0.049      0.066      0.737      0.461

 S        ON
    MATUREVIDE         1.980      1.209      1.637      0.102
    WEEKLY_GAM         0.026      0.097      0.265      0.791
    SEX                0.690      0.663      1.040      0.298
    RACE_BLACK        -0.354      0.120     -2.941      0.003
    RACE_HISPA         0.105      0.104      1.013      0.311
    RACE_ASIAN        -0.160      0.213     -0.753      0.451
    RACE_OTHER         0.168      0.135      1.247      0.212
    PARENTINCO        -0.009      0.014     -0.645      0.519
    PARENTEDUC         0.048      0.016      3.015      0.003
    IQ                 0.000      0.004      0.073      0.942
    FLANKERTES         0.002      0.005      0.387      0.699
    INTERNALIZ        -0.104      0.010    -10.581      0.000
    INT1              -0.044      0.090     -0.493      0.622
    INT2              -0.861      0.624     -1.381      0.167
    INT3              -0.001      0.051     -0.016      0.988
    INT4               0.014      0.046      0.298      0.766

 S        WITH
    I                 -0.689      0.587     -1.173      0.241

 Intercepts
    EXTERNALIZ         0.000      0.000    999.000    999.000
    EXTERNALIZ         0.000      0.000    999.000    999.000
    EXTERNALIZ         0.000      0.000    999.000    999.000
    I                  2.235      1.734      1.289      0.198
    S                 -2.278      1.271     -1.792      0.073

 Residual Variances
    EXTERNALIZ         5.730      0.910      6.299      0.000
    EXTERNALIZ         9.888      0.648     15.256      0.000
    EXTERNALIZ         5.901      1.255      4.704      0.000
    I                 18.384      1.111     16.548      0.000
    S                  1.930      0.507      3.809      0.000


STANDARDIZED MODEL RESULTS


STDYX Standardization

                                                    Two-Tailed
                    Estimate       S.E.  Est./S.E.    P-Value

 I        |
    EXTERNALIZ         0.922      0.013     72.021      0.000
    EXTERNALIZ         0.915      0.015     62.262      0.000
    EXTERNALIZ         0.950      0.028     33.936      0.000

 S        |
    EXTERNALIZ         0.000      0.000    999.000    999.000
    EXTERNALIZ         0.245      0.026      9.423      0.000
    EXTERNALIZ         0.509      0.060      8.507      0.000

 I        ON
    MATUREVIDE         0.067      0.109      0.613      0.540
    WEEKLY_GAM         0.092      0.200      0.462      0.644
    SEX                0.101      0.075      1.351      0.177
    RACE_BLACK         0.057      0.016      3.658      0.000
    RACE_HISPA        -0.027      0.014     -1.990      0.047
    RACE_ASIAN        -0.023      0.006     -3.962      0.000
    RACE_OTHER         0.016      0.015      1.113      0.266
    PARENTINCO        -0.020      0.014     -1.435      0.151
    PARENTEDUC        -0.048      0.015     -3.155      0.002
    IQ                -0.068      0.015     -4.602      0.000
    FLANKERTES         0.018      0.015      1.187      0.235
    INTERNALIZ         0.636      0.016     39.284      0.000
    INT1              -0.103      0.281     -0.366      0.714
    INT2              -0.081      0.146     -0.552      0.581
    INT3              -0.166      0.211     -0.786      0.432
    INT4               0.216      0.293      0.737      0.461

 S        ON
    MATUREVIDE         0.547      0.338      1.619      0.105
    WEEKLY_GAM         0.136      0.513      0.264      0.791
    SEX                0.211      0.204      1.035      0.301
    RACE_BLACK        -0.084      0.030     -2.812      0.005
    RACE_HISPA         0.028      0.027      1.010      0.312
    RACE_ASIAN        -0.012      0.015     -0.751      0.453
    RACE_OTHER         0.034      0.027      1.237      0.216
    PARENTINCO        -0.016      0.025     -0.642      0.521
    PARENTEDUC         0.081      0.028      2.886      0.004
    IQ                 0.002      0.027      0.073      0.942
    FLANKERTES         0.011      0.029      0.387      0.699
    INTERNALIZ        -0.388      0.051     -7.645      0.000
    INT1              -0.370      0.751     -0.493      0.622
    INT2              -0.589      0.430     -1.370      0.171
    INT3              -0.008      0.524     -0.016      0.988
    INT4               0.228      0.767      0.298      0.766

 S        WITH
    I                 -0.116      0.084     -1.369      0.171

 Intercepts
    EXTERNALIZ         0.000      0.000    999.000    999.000
    EXTERNALIZ         0.000      0.000    999.000    999.000
    EXTERNALIZ         0.000      0.000    999.000    999.000
    I                  0.392      0.305      1.286      0.198
    S                 -1.492      0.845     -1.765      0.078

 Residual Variances
    EXTERNALIZ         0.150      0.024      6.342      0.000
    EXTERNALIZ         0.254      0.013     19.108      0.000
    EXTERNALIZ         0.164      0.033      5.034      0.000
    I                  0.565      0.021     27.463      0.000
    S                  0.828      0.043     19.082      0.000


R-SQUARE

    Observed                                        Two-Tailed
    Variable        Estimate       S.E.  Est./S.E.    P-Value

    EXTERNAL           0.850      0.024     36.010      0.000
    EXTERNAL           0.746      0.013     56.067      0.000
    EXTERNAL           0.836      0.033     25.722      0.000

     Latent                                         Two-Tailed
    Variable        Estimate       S.E.  Est./S.E.    P-Value

    I                  0.435      0.021     21.138      0.000
    S                  0.172      0.043      3.973      0.000


QUALITY OF NUMERICAL RESULTS

     Condition Number for the Information Matrix              0.282E-07
       (ratio of smallest to largest eigenvalue)


CONFIDENCE INTERVALS OF MODEL RESULTS

                  Lower .5%  Lower 2.5%    Lower 5%    Estimate    Upper 5%  Upper 2.5%   Upper .5%

 I        |
    EXTERNALIZ       1.000       1.000       1.000       1.000       1.000       1.000       1.000
    EXTERNALIZ       1.000       1.000       1.000       1.000       1.000       1.000       1.000
    EXTERNALIZ       1.000       1.000       1.000       1.000       1.000       1.000       1.000

 S        |
    EXTERNALIZ       0.000       0.000       0.000       0.000       0.000       0.000       0.000
    EXTERNALIZ       1.000       1.000       1.000       1.000       1.000       1.000       1.000
    EXTERNALIZ       2.000       2.000       2.000       2.000       2.000       2.000       2.000

 I        ON
    MATUREVIDE      -2.894      -1.986      -1.522       0.904       3.329       3.794       4.702
    WEEKLY_GAM      -0.299      -0.212      -0.167       0.065       0.298       0.342       0.429
    SEX             -1.118      -0.557      -0.269       1.231       2.731       3.019       3.580
    RACE_BLACK       0.266       0.416       0.493       0.893       1.294       1.370       1.520
    RACE_HISPA      -0.895      -0.774      -0.712      -0.389      -0.066      -0.004       0.117
    RACE_ASIAN      -1.945      -1.766      -1.674      -1.196      -0.718      -0.626      -0.447
    RACE_OTHER      -0.395      -0.229      -0.143       0.302       0.747       0.832       0.998
    PARENTINCO      -0.119      -0.101      -0.091      -0.043       0.006       0.016       0.034
    PARENTEDUC      -0.193      -0.172      -0.161      -0.106      -0.051      -0.040      -0.020
    IQ              -0.055      -0.050      -0.048      -0.035      -0.023      -0.020      -0.015
    FLANKERTES      -0.013      -0.007      -0.004       0.011       0.026       0.029       0.035
    INTERNALIZ       0.581       0.594       0.601       0.634       0.668       0.675       0.688
    INT1            -0.371      -0.293      -0.253      -0.046       0.161       0.201       0.278
    INT2            -2.491      -2.001      -1.750      -0.440       0.870       1.121       1.612
    INT3            -0.258      -0.211      -0.187      -0.060       0.066       0.090       0.138
    INT4            -0.122      -0.081      -0.060       0.049       0.158       0.179       0.220

 S        ON
    MATUREVIDE      -1.136      -0.391      -0.010       1.980       3.969       4.350       5.095
    WEEKLY_GAM      -0.224      -0.164      -0.134       0.026       0.185       0.216       0.275
    SEX             -1.019      -0.610      -0.401       0.690       1.781       1.990       2.398
    RACE_BLACK      -0.664      -0.590      -0.552      -0.354      -0.156      -0.118      -0.044
    RACE_HISPA      -0.163      -0.099      -0.066       0.105       0.276       0.309       0.373
    RACE_ASIAN      -0.708      -0.577      -0.510      -0.160       0.190       0.256       0.387
    RACE_OTHER      -0.179      -0.096      -0.054       0.168       0.390       0.433       0.516
    PARENTINCO      -0.046      -0.037      -0.033      -0.009       0.014       0.019       0.028
    PARENTEDUC       0.007       0.017       0.022       0.048       0.075       0.080       0.090
    IQ              -0.009      -0.007      -0.006       0.000       0.007       0.008       0.010
    FLANKERTES      -0.011      -0.008      -0.006       0.002       0.010       0.011       0.014
    INTERNALIZ      -0.129      -0.123      -0.120      -0.104      -0.088      -0.084      -0.078
    INT1            -0.277      -0.221      -0.193      -0.044       0.104       0.132       0.188
    INT2            -2.468      -2.084      -1.888      -0.861       0.165       0.362       0.746
    INT3            -0.133      -0.101      -0.085      -0.001       0.083       0.099       0.131
    INT4            -0.106      -0.077      -0.063       0.014       0.090       0.105       0.134

 S        WITH
    I               -2.200      -1.839      -1.654      -0.689       0.277       0.462       0.823

 Intercepts
    EXTERNAL         0.000       0.000       0.000       0.000       0.000       0.000       0.000
    EXTERNAL         0.000       0.000       0.000       0.000       0.000       0.000       0.000
    EXTERNAL         0.000       0.000       0.000       0.000       0.000       0.000       0.000
    I               -2.232      -1.164      -0.618       2.235       5.088       5.634       6.702
    S               -5.553      -4.770      -4.370      -2.278      -0.187       0.213       0.996

 Residual Variances
    EXTERNAL         3.387       3.947       4.234       5.730       7.227       7.513       8.073
    EXTERNAL         8.218       8.618       8.822       9.888      10.954      11.158      11.557
    EXTERNAL         2.670       3.442       3.838       5.901       7.965       8.361       9.133
    I               15.522      16.206      16.556      18.384      20.211      20.561      21.246
    S                0.625       0.937       1.096       1.930       2.764       2.923       3.235


CONFIDENCE INTERVALS OF STANDARDIZED MODEL RESULTS


STDYX Standardization

                  Lower .5%  Lower 2.5%    Lower 5%    Estimate    Upper 5%  Upper 2.5%   Upper .5%

 I        |
    EXTERNALIZ       0.889       0.897       0.901       0.922       0.943       0.947       0.955
    EXTERNALIZ       0.877       0.886       0.890       0.915       0.939       0.943       0.952
    EXTERNALIZ       0.878       0.895       0.904       0.950       0.996       1.005       1.022

 S        |
    EXTERNALIZ       0.000       0.000       0.000       0.000       0.000       0.000       0.000
    EXTERNALIZ       0.178       0.194       0.202       0.245       0.288       0.296       0.312
    EXTERNALIZ       0.355       0.391       0.410       0.509       0.607       0.626       0.663

 I        ON
    MATUREVIDE      -0.214      -0.147      -0.112       0.067       0.246       0.280       0.348
    WEEKLY_GAM      -0.423      -0.300      -0.237       0.092       0.422       0.485       0.608
    SEX             -0.091      -0.045      -0.022       0.101       0.223       0.247       0.293
    RACE_BLACK       0.017       0.026       0.031       0.057       0.083       0.088       0.097
    RACE_HISPA      -0.063      -0.054      -0.050      -0.027      -0.005       0.000       0.008
    RACE_ASIAN      -0.038      -0.035      -0.033      -0.023      -0.014      -0.012      -0.008
    RACE_OTHER      -0.021      -0.012      -0.008       0.016       0.040       0.045       0.054
    PARENTINCO      -0.055      -0.047      -0.042      -0.020       0.003       0.007       0.016
    PARENTEDUC      -0.087      -0.077      -0.072      -0.048      -0.023      -0.018      -0.009
    IQ              -0.106      -0.097      -0.093      -0.068      -0.044      -0.039      -0.030
    FLANKERTES      -0.021      -0.012      -0.007       0.018       0.043       0.047       0.057
    INTERNALIZ       0.595       0.605       0.610       0.636       0.663       0.668       0.678
    INT1            -0.826      -0.653      -0.565      -0.103       0.359       0.447       0.620
    INT2            -0.456      -0.366      -0.320      -0.081       0.159       0.205       0.295
    INT3            -0.710      -0.580      -0.513      -0.166       0.181       0.248       0.378
    INT4            -0.539      -0.358      -0.266       0.216       0.698       0.790       0.971

 S        ON
    MATUREVIDE      -0.323      -0.115      -0.009       0.547       1.102       1.209       1.417
    WEEKLY_GAM      -1.185      -0.869      -0.708       0.136       0.979       1.140       1.456
    SEX             -0.314      -0.188      -0.124       0.211       0.546       0.610       0.736
    RACE_BLACK      -0.162      -0.143      -0.134      -0.084      -0.035      -0.026      -0.007
    RACE_HISPA      -0.043      -0.026      -0.017       0.028       0.073       0.081       0.098
    RACE_ASIAN      -0.051      -0.042      -0.037      -0.012       0.014       0.019       0.028
    RACE_OTHER      -0.037      -0.020      -0.011       0.034       0.079       0.087       0.104
    PARENTINCO      -0.080      -0.065      -0.057      -0.016       0.025       0.033       0.048
    PARENTEDUC       0.009       0.026       0.035       0.081       0.127       0.136       0.153
    IQ              -0.069      -0.052      -0.043       0.002       0.047       0.056       0.073
    FLANKERTES      -0.064      -0.046      -0.037       0.011       0.059       0.068       0.086
    INTERNALIZ      -0.519      -0.488      -0.472      -0.388      -0.305      -0.289      -0.257
    INT1            -2.304      -1.842      -1.605      -0.370       0.865       1.102       1.564
    INT2            -1.697      -1.432      -1.297      -0.589       0.118       0.254       0.518
    INT3            -1.359      -1.036      -0.871      -0.008       0.854       1.020       1.342
    INT4            -1.746      -1.274      -1.033       0.228       1.489       1.731       2.203

 S        WITH
    I               -0.333      -0.281      -0.254      -0.116       0.023       0.050       0.102

 Intercepts
    EXTERNAL         0.000       0.000       0.000       0.000       0.000       0.000       0.000
    EXTERNAL         0.000       0.000       0.000       0.000       0.000       0.000       0.000
    EXTERNAL         0.000       0.000       0.000       0.000       0.000       0.000       0.000
    I               -0.393      -0.205      -0.109       0.392       0.893       0.989       1.177
    S               -3.669      -3.149      -2.882      -1.492      -0.102       0.165       0.685

 Residual Variances
    EXTERNAL         0.089       0.103       0.111       0.150       0.189       0.196       0.211
    EXTERNAL         0.220       0.228       0.232       0.254       0.276       0.280       0.288
    EXTERNAL         0.080       0.100       0.110       0.164       0.217       0.227       0.247
    I                0.512       0.525       0.531       0.565       0.599       0.605       0.618
    S                0.716       0.743       0.756       0.828       0.899       0.913       0.939


     Beginning Time:  13:13:51
        Ending Time:  13:13:52
       Elapsed Time:  00:00:01



MUTHEN & MUTHEN
3463 Stoner Ave.
Los Angeles, CA  90066

Tel: (310) 391-9971
Fax: (310) 391-8971
Web: www.StatModel.com
Support: Support@StatModel.com

Copyright (c) 1998-2015 Muthen & Muthen
