Mplus VERSION 7.4 (Mac)
MUTHEN & MUTHEN
01/27/2023   1:26 PM

INPUT INSTRUCTIONS

  Data:
  file is /Users/shawes/desktop/df_wide.txt;

  Define:
  !INT1 = MatureVideoGames*Weekly_Gaming_Hours_T0;
  !INT2 = MatureVideoGames*Sex;
  INT3 = Weekly_Gaming_Hours_T0*Sex;
  !INT4 = MatureVideoGames*Weekly_Gaming_Hours_T0*Sex;

  Variable: names are
  ids, SiteID, FamilyID, Sex, Age,
  Race_White, Race_Black, Race_Hispanic, Race_Asian, Race_Other,
  ParentIncome, ParentEducation, IQ, FlankerTest,
  PubertalDevelopment_F, PubertalDevelopment_M,
  MatureVideoGames,
  Weekly_Gaming_Hours_T0, Weekly_Gaming_Hours_T1, Weekly_Gaming_Hours_T2,
  Aggression_T0, Aggression_T1, Aggression_T2,
  Externalizing_T0, Externalizing_T1, Externalizing_T2,
  Internalizing_T0
  ;

  Usevariables are
  Externalizing_T0, Externalizing_T1, Externalizing_T2,
  MatureVideoGames,
  Weekly_Gaming_Hours_T0,
  Sex,
  Race_Black, Race_Hispanic, Race_Asian, Race_Other
  ParentIncome, ParentEducation, IQ,
  FlankerTest, Internalizing_T0,
  !INT1
  !INT2
  INT3
  !INT4
  ;

  Missing are all (999, 777);

  Stratification = SiteID;
  CLUSTER = FamilyID;

  ANALYSIS:
  Estimator = MLR;
  TYPE=complex;
  Integration = Montecarlo;

  MODEL:

  I S | Externalizing_T0@0 Externalizing_T1@1 Externalizing_T2@2;

  !S@0;

  I on MatureVideoGames Weekly_Gaming_Hours_T0 Sex
  Race_Black Race_Hispanic Race_Asian Race_Other
  ParentIncome ParentEducation IQ
  FlankerTest Internalizing_T0
  !INT1
  !INT2
  INT3
  !INT4
  ;

  S on MatureVideoGames Weekly_Gaming_Hours_T0 Sex
  Race_Black Race_Hispanic Race_Asian Race_Other
  ParentIncome ParentEducation IQ
  FlankerTest Internalizing_T0
  !INT1
  !INT2
  INT3
  !INT4
  ;


  !I on MatureVideoGames Weekly_Gaming_Hours_T0
  !Sex Race_Black Race_Hispanic Race_Asian Race_Other
  !ParentIncome ParentEducation IQ FlankerTest Internalizing_T0
  !INT1
  !INT2
  !INT3
  !INT4
  ;



  Output: Sampstat Stdyx CINTERVAL;





*** WARNING in ANALYSIS command
  The INTEGRATION option is not available with this analysis.
  INTEGRATION will be ignored.
  Specify ALGORITHM=INTEGRATION to use this option.
*** WARNING in VARIABLE command
  Note that only the first 8 characters of variable names are used in the output.
  Shorten variable names to avoid any confusion.
*** WARNING
  Clusters with the same IDs have been found in different strata.  These
  clusters are assumed to be different because clusters are not allowed
  to appear in more than one stratum.
*** WARNING
  Data set contains unknown or missing values for GROUPING,
  PATTERN, COHORT, CLUSTER and/or STRATIFICATION variables.
  Number of cases with unknown or missing values:  2
*** WARNING
  Data set contains cases with missing on x-variables.
  These cases were not included in the analysis.
  Number of cases with missing on x-variables:  1016
   5 WARNING(S) FOUND IN THE INPUT INSTRUCTIONS




SUMMARY OF ANALYSIS

Number of groups                                                 1
Number of observations                                        4631

Number of dependent variables                                    3
Number of independent variables                                 13
Number of continuous latent variables                            2

Observed dependent variables

  Continuous
   EXTERNALIZ  EXTERNALIZ  EXTERNALIZ

Observed independent variables
   MATUREVI    WEEKLY_G    SEX         RACE_BLA    RACE_HIS    RACE_ASI
   RACE_OTH    PARENTIN    PARENTED    IQ          FLANKERT    INTERNAL
   INT3

Continuous latent variables
   I           S

Variables with special functions

  Stratification        SITEID
  Cluster variable      FAMILYID

Estimator                                                      MLR
Information matrix                                        OBSERVED
Maximum number of iterations                                  1000
Convergence criterion                                    0.500D-04
Maximum number of steepest descent iterations                   20
Maximum number of iterations for H1                           2000
Convergence criterion for H1                             0.100D-03

Input data file(s)
  /Users/shawes/desktop/df_wide.txt

Input data format  FREE


SUMMARY OF DATA

     Number of missing data patterns             4
     Number of strata                      22
     Number of clusters                  4122


COVARIANCE COVERAGE OF DATA

Minimum covariance coverage value   0.100


     PROPORTION OF DATA PRESENT


           Covariance Coverage
              EXTERNAL      EXTERNAL      EXTERNAL      MATUREVI      WEEKLY_G
              ________      ________      ________      ________      ________
 EXTERNAL       1.000
 EXTERNAL       0.998         0.998
 EXTERNAL       0.769         0.768         0.769
 MATUREVI       1.000         0.998         0.769         1.000
 WEEKLY_G       1.000         0.998         0.769         1.000         1.000
 SEX            1.000         0.998         0.769         1.000         1.000
 RACE_BLA       1.000         0.998         0.769         1.000         1.000
 RACE_HIS       1.000         0.998         0.769         1.000         1.000
 RACE_ASI       1.000         0.998         0.769         1.000         1.000
 RACE_OTH       1.000         0.998         0.769         1.000         1.000
 PARENTIN       1.000         0.998         0.769         1.000         1.000
 PARENTED       1.000         0.998         0.769         1.000         1.000
 IQ             1.000         0.998         0.769         1.000         1.000
 FLANKERT       1.000         0.998         0.769         1.000         1.000
 INTERNAL       1.000         0.998         0.769         1.000         1.000
 INT3           1.000         0.998         0.769         1.000         1.000


           Covariance Coverage
              SEX           RACE_BLA      RACE_HIS      RACE_ASI      RACE_OTH
              ________      ________      ________      ________      ________
 SEX            1.000
 RACE_BLA       1.000         1.000
 RACE_HIS       1.000         1.000         1.000
 RACE_ASI       1.000         1.000         1.000         1.000
 RACE_OTH       1.000         1.000         1.000         1.000         1.000
 PARENTIN       1.000         1.000         1.000         1.000         1.000
 PARENTED       1.000         1.000         1.000         1.000         1.000
 IQ             1.000         1.000         1.000         1.000         1.000
 FLANKERT       1.000         1.000         1.000         1.000         1.000
 INTERNAL       1.000         1.000         1.000         1.000         1.000
 INT3           1.000         1.000         1.000         1.000         1.000


           Covariance Coverage
              PARENTIN      PARENTED      IQ            FLANKERT      INTERNAL
              ________      ________      ________      ________      ________
 PARENTIN       1.000
 PARENTED       1.000         1.000
 IQ             1.000         1.000         1.000
 FLANKERT       1.000         1.000         1.000         1.000
 INTERNAL       1.000         1.000         1.000         1.000         1.000
 INT3           1.000         1.000         1.000         1.000         1.000


           Covariance Coverage
              INT3
              ________
 INT3           1.000


SAMPLE STATISTICS


     ESTIMATED SAMPLE STATISTICS


           Means
              EXTERNAL      EXTERNAL      EXTERNAL      MATUREVI      WEEKLY_G
              ________      ________      ________      ________      ________
      1         4.898         4.714         4.444         1.231        10.842


           Means
              SEX           RACE_BLA      RACE_HIS      RACE_ASI      RACE_OTH
              ________      ________      ________      ________      ________
      1         1.679         0.157         0.201         0.012         0.105


           Means
              PARENTIN      PARENTED      IQ            FLANKERT      INTERNAL
              ________      ________      ________      ________      ________
      1         4.833        16.583        47.528        46.242         5.260


           Means
              INT3
              ________
      1        18.786


           Covariances
              EXTERNAL      EXTERNAL      EXTERNAL      MATUREVI      WEEKLY_G
              ________      ________      ________      ________      ________
 EXTERNAL      38.873
 EXTERNAL      28.813        37.125
 EXTERNAL      27.417        28.155        36.791
 MATUREVI       0.215         0.208         0.239         0.178
 WEEKLY_G       3.643         2.492         2.866         0.497        65.159
 SEX            0.132         0.114         0.118         0.046         0.584
 RACE_BLA       0.101         0.064         0.003         0.011         0.345
 RACE_HIS      -0.044        -0.027        -0.018         0.009        -0.049
 RACE_ASI      -0.034        -0.036        -0.031        -0.002        -0.028
 RACE_OTH       0.059         0.081         0.090         0.004         0.079
 PARENTIN      -1.746        -1.694        -1.218        -0.086        -1.477
 PARENTED      -1.409        -1.186        -0.686        -0.171        -1.775
 IQ            -7.243        -6.275        -6.103        -0.255        -6.763
 FLANKERT      -3.066        -2.430        -2.259         0.067        -0.206
 INTERNAL      21.374        15.901        15.080         0.027         1.709
 INT3           7.866         5.980         6.488         1.360       117.450


           Covariances
              SEX           RACE_BLA      RACE_HIS      RACE_ASI      RACE_OTH
              ________      ________      ________      ________      ________
 SEX            0.218
 RACE_BLA      -0.011         0.133
 RACE_HIS       0.002        -0.032         0.160
 RACE_ASI       0.000        -0.002        -0.002         0.012
 RACE_OTH      -0.003        -0.017        -0.021        -0.001         0.094
 PARENTIN       0.030        -0.103        -0.080         0.009         0.003
 PARENTED       0.035        -0.172        -0.257         0.020         0.007
 IQ            -0.081        -0.194         0.083         0.077        -0.320
 FLANKERT       0.010         0.196         0.126         0.047        -0.222
 INTERNAL      -0.064        -0.096         0.028        -0.020         0.048
 INT3           3.135         0.505        -0.063        -0.047         0.131


           Covariances
              PARENTIN      PARENTED      IQ            FLANKERT      INTERNAL
              ________      ________      ________      ________      ________
 PARENTIN       6.961
 PARENTED       2.894         6.548
 IQ             1.970         2.247       121.759
 FLANKERT       0.543        -0.509        53.253        84.869
 INTERNAL      -1.582        -0.561        -3.835        -3.338        32.722
 INT3          -2.235        -2.966       -13.179        -0.438         2.559


           Covariances
              INT3
              ________
 INT3         245.048


           Correlations
              EXTERNAL      EXTERNAL      EXTERNAL      MATUREVI      WEEKLY_G
              ________      ________      ________      ________      ________
 EXTERNAL       1.000
 EXTERNAL       0.758         1.000
 EXTERNAL       0.725         0.762         1.000
 MATUREVI       0.082         0.081         0.093         1.000
 WEEKLY_G       0.072         0.051         0.059         0.146         1.000
 SEX            0.045         0.040         0.042         0.233         0.155
 RACE_BLA       0.044         0.029         0.001         0.072         0.117
 RACE_HIS      -0.018        -0.011        -0.007         0.055        -0.015
 RACE_ASI      -0.049        -0.054        -0.047        -0.038        -0.032
 RACE_OTH       0.031         0.043         0.048         0.030         0.032
 PARENTIN      -0.106        -0.105        -0.076        -0.077        -0.069
 PARENTED      -0.088        -0.076        -0.044        -0.159        -0.086
 IQ            -0.105        -0.093        -0.091        -0.055        -0.076
 FLANKERT      -0.053        -0.043        -0.040         0.017        -0.003
 INTERNAL       0.599         0.456         0.435         0.011         0.037
 INT3           0.081         0.063         0.068         0.206         0.929


           Correlations
              SEX           RACE_BLA      RACE_HIS      RACE_ASI      RACE_OTH
              ________      ________      ________      ________      ________
 SEX            1.000
 RACE_BLA      -0.065         1.000
 RACE_HIS       0.011        -0.217         1.000
 RACE_ASI       0.005        -0.048        -0.056         1.000
 RACE_OTH      -0.022        -0.148        -0.172        -0.038         1.000
 PARENTIN       0.025        -0.108        -0.076         0.031         0.004
 PARENTED       0.029        -0.185        -0.251         0.070         0.009
 IQ            -0.016        -0.048         0.019         0.063        -0.095
 FLANKERT       0.002         0.058         0.034         0.046        -0.079
 INTERNAL      -0.024        -0.046         0.012        -0.032         0.027
 INT3           0.429         0.088        -0.010        -0.027         0.027


           Correlations
              PARENTIN      PARENTED      IQ            FLANKERT      INTERNAL
              ________      ________      ________      ________      ________
 PARENTIN       1.000
 PARENTED       0.429         1.000
 IQ             0.068         0.080         1.000
 FLANKERT       0.022        -0.022         0.524         1.000
 INTERNAL      -0.105        -0.038        -0.061        -0.063         1.000
 INT3          -0.054        -0.074        -0.076        -0.003         0.029


           Correlations
              INT3
              ________
 INT3           1.000


     MAXIMUM LOG-LIKELIHOOD VALUE FOR THE UNRESTRICTED (H1) MODEL IS -141417.124


UNIVARIATE SAMPLE STATISTICS


     UNIVARIATE HIGHER-ORDER MOMENT DESCRIPTIVE STATISTICS

         Variable/         Mean/     Skewness/   Minimum/ % with                Percentiles
        Sample Size      Variance    Kurtosis    Maximum  Min/Max      20%/60%    40%/80%    Median

     EXTERNALIZING_T       4.898       2.197       0.000   24.75%       0.000      2.000      3.000
            4631.000      38.873       6.361      49.000    0.02%       4.000      8.000
     EXTERNALIZING_T       4.711       2.154       0.000   25.85%       0.000      2.000      3.000
            4623.000      37.122       5.684      47.000    0.02%       4.000      8.000
     EXTERNALIZING_T       4.376       2.471       0.000   28.66%       0.000      1.000      2.000
            3562.000      36.291       8.203      50.000    0.03%       3.000      7.000
     MATUREVIDEOGAME       1.231       1.273       1.000   76.85%       1.000      1.000      1.000
            4631.000       0.178      -0.379       2.000   23.15%       1.000      2.000
     WEEKLY_GAMING_H      10.842       0.820       0.000    3.26%       3.500      7.000      9.000
            4631.000      65.159      -0.332      28.000    9.09%      11.000     18.000
     SEX                   1.679      -0.766       1.000   32.11%       1.000      2.000      2.000
            4631.000       0.218      -1.413       2.000   67.89%       2.000      2.000
     RACE_BLACK            0.157       1.881       0.000   84.26%       0.000      0.000      0.000
            4631.000       0.133       1.539       1.000   15.74%       0.000      0.000
     RACE_HISPANIC         0.201       1.495       0.000   79.94%       0.000      0.000      0.000
            4631.000       0.160       0.236       1.000   20.06%       0.000      1.000
     RACE_ASIAN            0.012       8.846       0.000   98.77%       0.000      0.000      0.000
            4631.000       0.012      76.258       1.000    1.23%       0.000      0.000
     RACE_OTHER            0.105       2.574       0.000   89.48%       0.000      0.000      0.000
            4631.000       0.094       4.627       1.000   10.52%       0.000      0.000
     PARENTINCOME          4.833      -0.057       1.000   17.45%       2.000      4.000      5.000
            4631.000       6.961      -1.183      10.000    1.30%       6.000      7.000
     PARENTEDUCATION      16.583      -1.102       2.000    0.02%      15.000     16.000     18.000
            4631.000       6.548       1.892      21.000    2.50%      18.000     19.000
     IQ                   47.528       0.457       5.000    0.02%      38.000     44.000     47.000
            4631.000     121.759       1.103     126.000    0.02%      50.000     56.000
     FLANKERTEST          46.242       0.318      10.000    0.04%      38.000     44.000     46.000
            4631.000      84.869       0.916     101.000    0.02%      48.000     54.000
     INTERNALIZING_T       5.260       1.948       0.000   16.02%       1.000      2.000      3.000
            4631.000      32.722       5.145      49.000    0.02%       5.000      9.000
     INT3                 18.786       1.069       0.000    3.26%       6.000     12.000     14.000
            4631.000     245.048       0.245      56.000    7.45%      18.000     28.000


THE MODEL ESTIMATION TERMINATED NORMALLY



MODEL FIT INFORMATION

Number of Free Parameters                       34

Loglikelihood

          H0 Value                      -36586.788
          H0 Scaling Correction Factor      1.6451
            for MLR
          H1 Value                      -36553.177
          H1 Scaling Correction Factor      1.5035
            for MLR

Information Criteria

          Akaike (AIC)                   73241.576
          Bayesian (BIC)                 73460.554
          Sample-Size Adjusted BIC       73352.515
            (n* = (n + 2) / 24)

Chi-Square Test of Model Fit

          Value                             57.983*
          Degrees of Freedom                    14
          P-Value                           0.0000
          Scaling Correction Factor         1.1593
            for MLR

*   The chi-square value for MLM, MLMV, MLR, ULSMV, WLSM and WLSMV cannot be used
    for chi-square difference testing in the regular way.  MLM, MLR and WLSM
    chi-square difference testing is described on the Mplus website.  MLMV, WLSMV,
    and ULSMV difference testing is done using the DIFFTEST option.

RMSEA (Root Mean Square Error Of Approximation)

          Estimate                           0.026
          90 Percent C.I.                    0.019  0.033
          Probability RMSEA <= .05           1.000

CFI/TLI

          CFI                                0.994
          TLI                                0.982

Chi-Square Test of Model Fit for the Baseline Model

          Value                           7459.460
          Degrees of Freedom                    42
          P-Value                           0.0000

SRMR (Standardized Root Mean Square Residual)

          Value                              0.006



MODEL RESULTS

                                                    Two-Tailed
                    Estimate       S.E.  Est./S.E.    P-Value

 I        |
    EXTERNALIZ         1.000      0.000    999.000    999.000
    EXTERNALIZ         1.000      0.000    999.000    999.000
    EXTERNALIZ         1.000      0.000    999.000    999.000

 S        |
    EXTERNALIZ         0.000      0.000    999.000    999.000
    EXTERNALIZ         1.000      0.000    999.000    999.000
    EXTERNALIZ         2.000      0.000    999.000    999.000

 I        ON
    MATUREVIDE         0.648      0.190      3.404      0.001
    WEEKLY_GAM         0.000      0.035      0.011      0.991
    SEX                0.605      0.245      2.473      0.013
    RACE_BLACK         0.889      0.243      3.651      0.000
    RACE_HISPA        -0.410      0.196     -2.092      0.036
    RACE_ASIAN        -1.171      0.290     -4.035      0.000
    RACE_OTHER         0.269      0.270      0.995      0.320
    PARENTINCO        -0.042      0.030     -1.422      0.155
    PARENTEDUC        -0.106      0.034     -3.159      0.002
    IQ                -0.035      0.008     -4.550      0.000
    FLANKERTES         0.010      0.009      1.101      0.271
    INTERNALIZ         0.634      0.021     30.731      0.000
    INT3               0.007      0.020      0.349      0.727

 S        ON
    MATUREVIDE         0.159      0.107      1.493      0.135
    WEEKLY_GAM        -0.015      0.020     -0.737      0.461
    SEX               -0.194      0.124     -1.571      0.116
    RACE_BLACK        -0.358      0.120     -2.972      0.003
    RACE_HISPA         0.113      0.104      1.086      0.278
    RACE_ASIAN        -0.174      0.215     -0.813      0.416
    RACE_OTHER         0.175      0.135      1.294      0.196
    PARENTINCO        -0.011      0.014     -0.743      0.457
    PARENTEDUC         0.049      0.016      3.046      0.002
    IQ                 0.000      0.004     -0.030      0.976
    FLANKERTES         0.003      0.005      0.539      0.590
    INTERNALIZ        -0.103      0.010    -10.568      0.000
    INT3               0.008      0.011      0.679      0.497

 S        WITH
    I                 -0.683      0.587     -1.164      0.245

 Intercepts
    EXTERNALIZ         0.000      0.000    999.000    999.000
    EXTERNALIZ         0.000      0.000    999.000    999.000
    EXTERNALIZ         0.000      0.000    999.000    999.000
    I                  2.701      0.859      3.145      0.002
    S                 -0.390      0.429     -0.909      0.363

 Residual Variances
    EXTERNALIZ         5.748      0.910      6.314      0.000
    EXTERNALIZ         9.872      0.647     15.248      0.000
    EXTERNALIZ         5.925      1.257      4.712      0.000
    I                 18.394      1.110     16.571      0.000
    S                  1.936      0.508      3.812      0.000


STANDARDIZED MODEL RESULTS


STDYX Standardization

                                                    Two-Tailed
                    Estimate       S.E.  Est./S.E.    P-Value

 I        |
    EXTERNALIZ         0.922      0.013     71.925      0.000
    EXTERNALIZ         0.914      0.015     62.226      0.000
    EXTERNALIZ         0.949      0.028     33.897      0.000

 S        |
    EXTERNALIZ         0.000      0.000    999.000    999.000
    EXTERNALIZ         0.244      0.026      9.377      0.000
    EXTERNALIZ         0.507      0.060      8.469      0.000

 I        ON
    MATUREVIDE         0.048      0.014      3.400      0.001
    WEEKLY_GAM         0.001      0.050      0.011      0.991
    SEX                0.050      0.020      2.470      0.014
    RACE_BLACK         0.057      0.016      3.639      0.000
    RACE_HISPA        -0.029      0.014     -2.101      0.036
    RACE_ASIAN        -0.023      0.006     -3.892      0.000
    RACE_OTHER         0.014      0.015      0.994      0.320
    PARENTINCO        -0.020      0.014     -1.424      0.154
    PARENTEDUC        -0.048      0.015     -3.147      0.002
    IQ                -0.068      0.015     -4.563      0.000
    FLANKERTES         0.017      0.015      1.102      0.270
    INTERNALIZ         0.636      0.016     39.242      0.000
    INT3               0.019      0.056      0.349      0.727

 S        ON
    MATUREVIDE         0.044      0.030      1.455      0.146
    WEEKLY_GAM        -0.078      0.105     -0.740      0.459
    SEX               -0.059      0.038     -1.557      0.119
    RACE_BLACK        -0.086      0.030     -2.836      0.005
    RACE_HISPA         0.030      0.027      1.083      0.279
    RACE_ASIAN        -0.013      0.016     -0.810      0.418
    RACE_OTHER         0.035      0.027      1.282      0.200
    PARENTINCO        -0.018      0.025     -0.739      0.460
    PARENTEDUC         0.082      0.028      2.910      0.004
    IQ                -0.001      0.027     -0.030      0.976
    FLANKERTES         0.016      0.029      0.539      0.590
    INTERNALIZ        -0.388      0.051     -7.613      0.000
    INT3               0.079      0.116      0.681      0.496

 S        WITH
    I                 -0.114      0.084     -1.356      0.175

 Intercepts
    EXTERNALIZ         0.000      0.000    999.000    999.000
    EXTERNALIZ         0.000      0.000    999.000    999.000
    EXTERNALIZ         0.000      0.000    999.000    999.000
    I                  0.474      0.151      3.126      0.002
    S                 -0.256      0.284     -0.901      0.367

 Residual Variances
    EXTERNALIZ         0.150      0.024      6.358      0.000
    EXTERNALIZ         0.254      0.013     19.091      0.000
    EXTERNALIZ         0.164      0.033      5.043      0.000
    I                  0.566      0.021     27.491      0.000
    S                  0.834      0.042     19.725      0.000


R-SQUARE

    Observed                                        Two-Tailed
    Variable        Estimate       S.E.  Est./S.E.    P-Value

    EXTERNAL           0.850      0.024     35.963      0.000
    EXTERNAL           0.746      0.013     56.111      0.000
    EXTERNAL           0.836      0.033     25.668      0.000

     Latent                                         Two-Tailed
    Variable        Estimate       S.E.  Est./S.E.    P-Value

    I                  0.434      0.021     21.104      0.000
    S                  0.166      0.042      3.931      0.000


QUALITY OF NUMERICAL RESULTS

     Condition Number for the Information Matrix              0.459E-06
       (ratio of smallest to largest eigenvalue)


CONFIDENCE INTERVALS OF MODEL RESULTS

                  Lower .5%  Lower 2.5%    Lower 5%    Estimate    Upper 5%  Upper 2.5%   Upper .5%

 I        |
    EXTERNALIZ       1.000       1.000       1.000       1.000       1.000       1.000       1.000
    EXTERNALIZ       1.000       1.000       1.000       1.000       1.000       1.000       1.000
    EXTERNALIZ       1.000       1.000       1.000       1.000       1.000       1.000       1.000

 S        |
    EXTERNALIZ       0.000       0.000       0.000       0.000       0.000       0.000       0.000
    EXTERNALIZ       1.000       1.000       1.000       1.000       1.000       1.000       1.000
    EXTERNALIZ       2.000       2.000       2.000       2.000       2.000       2.000       2.000

 I        ON
    MATUREVIDE       0.158       0.275       0.335       0.648       0.961       1.021       1.138
    WEEKLY_GAM      -0.091      -0.069      -0.058       0.000       0.059       0.070       0.092
    SEX             -0.025       0.126       0.203       0.605       1.008       1.085       1.236
    RACE_BLACK       0.262       0.412       0.488       0.889       1.289       1.366       1.516
    RACE_HISPA      -0.914      -0.794      -0.732      -0.410      -0.088      -0.026       0.095
    RACE_ASIAN      -1.918      -1.739      -1.648      -1.171      -0.694      -0.602      -0.423
    RACE_OTHER      -0.427      -0.260      -0.175       0.269       0.713       0.798       0.964
    PARENTINCO      -0.119      -0.100      -0.091      -0.042       0.007       0.016       0.034
    PARENTEDUC      -0.192      -0.172      -0.161      -0.106      -0.051      -0.040      -0.020
    IQ              -0.055      -0.050      -0.048      -0.035      -0.022      -0.020      -0.015
    FLANKERTES      -0.014      -0.008      -0.005       0.010       0.026       0.029       0.034
    INTERNALIZ       0.580       0.593       0.600       0.634       0.667       0.674       0.687
    INT3            -0.045      -0.033      -0.026       0.007       0.041       0.047       0.060

 S        ON
    MATUREVIDE      -0.116      -0.050      -0.016       0.159       0.335       0.369       0.434
    WEEKLY_GAM      -0.066      -0.054      -0.047      -0.015       0.018       0.024       0.037
    SEX             -0.512      -0.436      -0.397      -0.194       0.009       0.048       0.124
    RACE_BLACK      -0.668      -0.594      -0.556      -0.358      -0.160      -0.122      -0.048
    RACE_HISPA      -0.155      -0.091      -0.058       0.113       0.284       0.317       0.381
    RACE_ASIAN      -0.727      -0.595      -0.527      -0.174       0.178       0.246       0.378
    RACE_OTHER      -0.173      -0.090      -0.048       0.175       0.398       0.440       0.524
    PARENTINCO      -0.047      -0.039      -0.034      -0.011       0.013       0.017       0.026
    PARENTEDUC       0.008       0.017       0.022       0.049       0.075       0.080       0.090
    IQ              -0.010      -0.008      -0.006       0.000       0.006       0.007       0.010
    FLANKERTES      -0.010      -0.007      -0.005       0.003       0.010       0.012       0.015
    INTERNALIZ      -0.129      -0.123      -0.119      -0.103      -0.087      -0.084      -0.078
    INT3            -0.021      -0.014      -0.011       0.008       0.026       0.030       0.037

 S        WITH
    I               -2.194      -1.833      -1.648      -0.683       0.282       0.467       0.829

 Intercepts
    EXTERNAL         0.000       0.000       0.000       0.000       0.000       0.000       0.000
    EXTERNAL         0.000       0.000       0.000       0.000       0.000       0.000       0.000
    EXTERNAL         0.000       0.000       0.000       0.000       0.000       0.000       0.000
    I                0.489       1.018       1.288       2.701       4.113       4.384       4.912
    S               -1.495      -1.231      -1.096      -0.390       0.316       0.451       0.715

 Residual Variances
    EXTERNAL         3.403       3.964       4.251       5.748       7.246       7.533       8.093
    EXTERNAL         8.205       8.603       8.807       9.872      10.937      11.141      11.540
    EXTERNAL         2.686       3.461       3.857       5.925       7.993       8.389       9.163
    I               15.535      16.219      16.568      18.394      20.220      20.570      21.254
    S                0.628       0.940       1.100       1.936       2.771       2.931       3.244


CONFIDENCE INTERVALS OF STANDARDIZED MODEL RESULTS


STDYX Standardization

                  Lower .5%  Lower 2.5%    Lower 5%    Estimate    Upper 5%  Upper 2.5%   Upper .5%

 I        |
    EXTERNALIZ       0.889       0.897       0.901       0.922       0.943       0.947       0.955
    EXTERNALIZ       0.877       0.886       0.890       0.914       0.939       0.943       0.952
    EXTERNALIZ       0.877       0.894       0.903       0.949       0.995       1.004       1.021

 S        |
    EXTERNALIZ       0.000       0.000       0.000       0.000       0.000       0.000       0.000
    EXTERNALIZ       0.177       0.193       0.201       0.244       0.287       0.295       0.311
    EXTERNALIZ       0.353       0.390       0.409       0.507       0.606       0.625       0.662

 I        ON
    MATUREVIDE       0.012       0.020       0.025       0.048       0.071       0.076       0.084
    WEEKLY_GAM      -0.129      -0.098      -0.082       0.001       0.083       0.099       0.130
    SEX             -0.002       0.010       0.017       0.050       0.083       0.089       0.101
    RACE_BLACK       0.017       0.026       0.031       0.057       0.082       0.087       0.097
    RACE_HISPA      -0.064      -0.056      -0.051      -0.029      -0.006      -0.002       0.006
    RACE_ASIAN      -0.038      -0.034      -0.032      -0.023      -0.013      -0.011      -0.008
    RACE_OTHER      -0.023      -0.014      -0.009       0.014       0.038       0.043       0.052
    PARENTINCO      -0.055      -0.046      -0.042      -0.020       0.003       0.007       0.016
    PARENTEDUC      -0.086      -0.077      -0.072      -0.048      -0.023      -0.018      -0.009
    IQ              -0.106      -0.097      -0.092      -0.068      -0.043      -0.039      -0.029
    FLANKERTES      -0.022      -0.013      -0.008       0.017       0.041       0.046       0.055
    INTERNALIZ       0.594       0.604       0.609       0.636       0.662       0.667       0.677
    INT3            -0.124      -0.090      -0.072       0.019       0.111       0.129       0.163

 S        ON
    MATUREVIDE      -0.034      -0.015      -0.006       0.044       0.094       0.104       0.122
    WEEKLY_GAM      -0.348      -0.284      -0.250      -0.078       0.095       0.128       0.193
    SEX             -0.158      -0.134      -0.122      -0.059       0.003       0.015       0.039
    RACE_BLACK      -0.163      -0.145      -0.135      -0.086      -0.036      -0.026      -0.008
    RACE_HISPA      -0.041      -0.024      -0.015       0.030       0.075       0.083       0.100
    RACE_ASIAN      -0.053      -0.043      -0.038      -0.013       0.013       0.018       0.028
    RACE_OTHER      -0.036      -0.019      -0.010       0.035       0.080       0.089       0.106
    PARENTINCO      -0.082      -0.067      -0.059      -0.018       0.023       0.030       0.046
    PARENTEDUC       0.009       0.027       0.036       0.082       0.128       0.137       0.154
    IQ              -0.071      -0.055      -0.046      -0.001       0.044       0.053       0.070
    FLANKERTES      -0.059      -0.041      -0.032       0.016       0.063       0.072       0.090
    INTERNALIZ      -0.520      -0.488      -0.472      -0.388      -0.304      -0.288      -0.257
    INT3            -0.219      -0.148      -0.112       0.079       0.269       0.306       0.377

 S        WITH
    I               -0.332      -0.280      -0.253      -0.114       0.024       0.051       0.103

 Intercepts
    EXTERNAL         0.000       0.000       0.000       0.000       0.000       0.000       0.000
    EXTERNAL         0.000       0.000       0.000       0.000       0.000       0.000       0.000
    EXTERNAL         0.000       0.000       0.000       0.000       0.000       0.000       0.000
    I                0.083       0.177       0.224       0.474       0.723       0.771       0.864
    S               -0.988      -0.813      -0.723      -0.256       0.211       0.301       0.476

 Residual Variances
    EXTERNAL         0.089       0.104       0.111       0.150       0.189       0.197       0.211
    EXTERNAL         0.220       0.228       0.232       0.254       0.276       0.280       0.288
    EXTERNAL         0.080       0.100       0.111       0.164       0.218       0.228       0.248
    I                0.513       0.525       0.532       0.566       0.600       0.606       0.619
    S                0.725       0.751       0.764       0.834       0.903       0.917       0.943


     Beginning Time:  13:26:10
        Ending Time:  13:26:11
       Elapsed Time:  00:00:01



MUTHEN & MUTHEN
3463 Stoner Ave.
Los Angeles, CA  90066

Tel: (310) 391-9971
Fax: (310) 391-8971
Web: www.StatModel.com
Support: Support@StatModel.com

Copyright (c) 1998-2015 Muthen & Muthen
