Mplus VERSION 7.4 (Mac)
MUTHEN & MUTHEN
01/27/2023  12:46 PM

INPUT INSTRUCTIONS

  Data:
  file is /Users/shawes/desktop/df_wide.txt;

  Define:
  INT1 = MatureVideoGames*Weekly_Gaming_Hours_T0;
  !INT2 = MatureVideoGames*Sex;
  !INT3 = Weekly_Gaming_Hours_T0*Sex;
  !INT4 = MatureVideoGames*Weekly_Gaming_Hours_T0*Sex;

  Variable: names are
  ids, SiteID, FamilyID, Sex, Age,
  Race_White, Race_Black, Race_Hispanic, Race_Asian, Race_Other,
  ParentIncome, ParentEducation, IQ, FlankerTest,
  PubertalDevelopment_F, PubertalDevelopment_M,
  MatureVideoGames,
  Weekly_Gaming_Hours_T0, Weekly_Gaming_Hours_T1, Weekly_Gaming_Hours_T2,
  Aggression_T0, Aggression_T1, Aggression_T2,
  Externalizing_T0, Externalizing_T1, Externalizing_T2,
  Internalizing_T0
  ;

  Usevariables are
  Externalizing_T0, Externalizing_T1, Externalizing_T2,
  MatureVideoGames
  !Weekly_Gaming_Hours_T0,
  !Sex, Race_Black, Race_Hispanic, Race_Asian, Race_Other
  !ParentIncome, ParentEducation, IQ,
  !FlankerTest, Internalizing_T0,
  !INT1
  !INT2
  !INT3
  !INT4
  ;

  Missing are all (999, 777);

  Stratification = SiteID;
  CLUSTER = FamilyID;

  ANALYSIS:
  Estimator = MLR;
  TYPE=complex;
  Integration = Montecarlo;

  MODEL:

  I S | Externalizing_T0@0 Externalizing_T1@1 Externalizing_T2@2;

  !S@0;

  I on MatureVideoGames;
  S on MatureVideoGames;


  !I on MatureVideoGames Weekly_Gaming_Hours_T0
  !Sex Race_Black Race_Hispanic Race_Asian Race_Other
  !ParentIncome ParentEducation IQ FlankerTest Internalizing_T0
  !INT1
  !INT2
  !INT3
  !INT4
  !;



  Output: Sampstat Stdyx CINTERVAL;





*** WARNING in ANALYSIS command
  The INTEGRATION option is not available with this analysis.
  INTEGRATION will be ignored.
  Specify ALGORITHM=INTEGRATION to use this option.
*** WARNING in VARIABLE command
  Note that only the first 8 characters of variable names are used in the output.
  Shorten variable names to avoid any confusion.
*** WARNING
  Clusters with the same IDs have been found in different strata.  These
  clusters are assumed to be different because clusters are not allowed
  to appear in more than one stratum.
*** WARNING
  Data set contains unknown or missing values for GROUPING,
  PATTERN, COHORT, CLUSTER and/or STRATIFICATION variables.
  Number of cases with unknown or missing values:  2
*** WARNING
  Data set contains cases with missing on x-variables.
  These cases were not included in the analysis.
  Number of cases with missing on x-variables:  17
   5 WARNING(S) FOUND IN THE INPUT INSTRUCTIONS




SUMMARY OF ANALYSIS

Number of groups                                                 1
Number of observations                                        5630

Number of dependent variables                                    3
Number of independent variables                                  1
Number of continuous latent variables                            2

Observed dependent variables

  Continuous
   EXTERNALIZ  EXTERNALIZ  EXTERNALIZ

Observed independent variables
   MATUREVI

Continuous latent variables
   I           S

Variables with special functions

  Stratification        SITEID
  Cluster variable      FAMILYID

Estimator                                                      MLR
Information matrix                                        OBSERVED
Maximum number of iterations                                  1000
Convergence criterion                                    0.500D-04
Maximum number of steepest descent iterations                   20
Maximum number of iterations for H1                           2000
Convergence criterion for H1                             0.100D-03

Input data file(s)
  /Users/shawes/desktop/df_wide.txt

Input data format  FREE


SUMMARY OF DATA

     Number of missing data patterns             5
     Number of strata                      22
     Number of clusters                  4943


COVARIANCE COVERAGE OF DATA

Minimum covariance coverage value   0.100


     PROPORTION OF DATA PRESENT


           Covariance Coverage
              EXTERNAL      EXTERNAL      EXTERNAL      MATUREVI
              ________      ________      ________      ________
 EXTERNAL       1.000
 EXTERNAL       0.998         0.998
 EXTERNAL       0.774         0.773         0.774
 MATUREVI       1.000         0.998         0.774         1.000


SAMPLE STATISTICS


     ESTIMATED SAMPLE STATISTICS


           Means
              EXTERNAL      EXTERNAL      EXTERNAL      MATUREVI
              ________      ________      ________      ________
      1         4.998         4.738         4.498         1.232


           Covariances
              EXTERNAL      EXTERNAL      EXTERNAL      MATUREVI
              ________      ________      ________      ________
 EXTERNAL      40.289
 EXTERNAL      29.450        37.910
 EXTERNAL      27.567        28.094        37.210
 MATUREVI       0.263         0.236         0.266         0.178


           Correlations
              EXTERNAL      EXTERNAL      EXTERNAL      MATUREVI
              ________      ________      ________      ________
 EXTERNAL       1.000
 EXTERNAL       0.754         1.000
 EXTERNAL       0.712         0.748         1.000
 MATUREVI       0.098         0.091         0.103         1.000


     MAXIMUM LOG-LIKELIHOOD VALUE FOR THE UNRESTRICTED (H1) MODEL IS -49331.424


UNIVARIATE SAMPLE STATISTICS


     UNIVARIATE HIGHER-ORDER MOMENT DESCRIPTIVE STATISTICS

         Variable/         Mean/     Skewness/   Minimum/ % with                Percentiles
        Sample Size      Variance    Kurtosis    Maximum  Min/Max      20%/60%    40%/80%    Median

     EXTERNALIZING_T       4.998       2.167       0.000   24.66%       0.000      2.000      3.000
            5629.000      40.292       6.093      49.000    0.02%       4.000      9.000
     EXTERNALIZING_T       4.736       2.162       0.000   26.34%       0.000      2.000      3.000
            5619.000      37.919       5.663      47.000    0.02%       4.000      8.000
     EXTERNALIZING_T       4.427       2.388       0.000   29.02%       0.000      1.000      2.000
            4359.000      36.686       7.460      50.000    0.02%       3.000      8.000
     MATUREVIDEOGAME       1.232       1.271       1.000   76.82%       1.000      1.000      1.000
            5630.000       0.178      -0.384       2.000   23.18%       1.000      2.000


THE MODEL ESTIMATION TERMINATED NORMALLY



MODEL FIT INFORMATION

Number of Free Parameters                       10

Loglikelihood

          H0 Value                      -46201.230
          H0 Scaling Correction Factor      3.0696
            for MLR
          H1 Value                      -46200.374
          H1 Scaling Correction Factor      2.7543
            for MLR

Information Criteria

          Akaike (AIC)                   92422.461
          Bayesian (BIC)                 92488.819
          Sample-Size Adjusted BIC       92457.042
            (n* = (n + 2) / 24)

Chi-Square Test of Model Fit

          Value                              1.454*
          Degrees of Freedom                     2
          P-Value                           0.4835
          Scaling Correction Factor         1.1779
            for MLR

*   The chi-square value for MLM, MLMV, MLR, ULSMV, WLSM and WLSMV cannot be used
    for chi-square difference testing in the regular way.  MLM, MLR and WLSM
    chi-square difference testing is described on the Mplus website.  MLMV, WLSMV,
    and ULSMV difference testing is done using the DIFFTEST option.

RMSEA (Root Mean Square Error Of Approximation)

          Estimate                           0.000
          90 Percent C.I.                    0.000  0.024
          Probability RMSEA <= .05           1.000

CFI/TLI

          CFI                                1.000
          TLI                                1.000

Chi-Square Test of Model Fit for the Baseline Model

          Value                           3332.011
          Degrees of Freedom                     6
          P-Value                           0.0000

SRMR (Standardized Root Mean Square Residual)

          Value                              0.002



MODEL RESULTS

                                                    Two-Tailed
                    Estimate       S.E.  Est./S.E.    P-Value

 I        |
    EXTERNALIZ         1.000      0.000    999.000    999.000
    EXTERNALIZ         1.000      0.000    999.000    999.000
    EXTERNALIZ         1.000      0.000    999.000    999.000

 S        |
    EXTERNALIZ         0.000      0.000    999.000    999.000
    EXTERNALIZ         1.000      0.000    999.000    999.000
    EXTERNALIZ         2.000      0.000    999.000    999.000

 I        ON
    MATUREVIDE         1.427      0.216      6.604      0.000

 S        ON
    MATUREVIDE        -0.003      0.095     -0.027      0.979

 S        WITH
    I                 -1.928      0.776     -2.483      0.013

 Intercepts
    EXTERNALIZ         0.000      0.000    999.000    999.000
    EXTERNALIZ         0.000      0.000    999.000    999.000
    EXTERNALIZ         0.000      0.000    999.000    999.000
    I                  3.236      0.269     12.037      0.000
    S                 -0.248      0.115     -2.148      0.032

 Residual Variances
    EXTERNALIZ         8.873      1.287      6.892      0.000
    EXTERNALIZ         9.179      0.685     13.409      0.000
    EXTERNALIZ         8.508      1.379      6.169      0.000
    I                 31.029      1.603     19.353      0.000
    S                  1.246      0.609      2.048      0.041


STANDARDIZED MODEL RESULTS


STDYX Standardization

                                                    Two-Tailed
                    Estimate       S.E.  Est./S.E.    P-Value

 I        |
    EXTERNALIZ         0.883      0.017     52.151      0.000
    EXTERNALIZ         0.909      0.014     65.797      0.000
    EXTERNALIZ         0.919      0.029     32.238      0.000

 S        |
    EXTERNALIZ         0.000      0.000    999.000    999.000
    EXTERNALIZ         0.181      0.043      4.203      0.000
    EXTERNALIZ         0.366      0.093      3.956      0.000

 I        ON
    MATUREVIDE         0.108      0.016      6.650      0.000

 S        ON
    MATUREVIDE        -0.001      0.036     -0.027      0.979

 S        WITH
    I                 -0.310      0.066     -4.687      0.000

 Intercepts
    EXTERNALIZ         0.000      0.000    999.000    999.000
    EXTERNALIZ         0.000      0.000    999.000    999.000
    EXTERNALIZ         0.000      0.000    999.000    999.000
    I                  0.578      0.049     11.704      0.000
    S                 -0.222      0.118     -1.880      0.060

 Residual Variances
    EXTERNALIZ         0.220      0.030      7.370      0.000
    EXTERNALIZ         0.242      0.014     16.852      0.000
    EXTERNALIZ         0.229      0.033      6.992      0.000
    I                  0.988      0.003    284.361      0.000
    S                  1.000      0.000  14601.155      0.000


R-SQUARE

    Observed                                        Two-Tailed
    Variable        Estimate       S.E.  Est./S.E.    P-Value

    EXTERNAL           0.780      0.030     26.075      0.000
    EXTERNAL           0.758      0.014     52.841      0.000
    EXTERNAL           0.771      0.033     23.555      0.000

     Latent                                         Two-Tailed
    Variable        Estimate       S.E.  Est./S.E.    P-Value

    I                  0.012      0.003      3.325      0.001
    S                  0.000      0.000      0.013      0.989


QUALITY OF NUMERICAL RESULTS

     Condition Number for the Information Matrix              0.121E-02
       (ratio of smallest to largest eigenvalue)


CONFIDENCE INTERVALS OF MODEL RESULTS

                  Lower .5%  Lower 2.5%    Lower 5%    Estimate    Upper 5%  Upper 2.5%   Upper .5%

 I        |
    EXTERNALIZ       1.000       1.000       1.000       1.000       1.000       1.000       1.000
    EXTERNALIZ       1.000       1.000       1.000       1.000       1.000       1.000       1.000
    EXTERNALIZ       1.000       1.000       1.000       1.000       1.000       1.000       1.000

 S        |
    EXTERNALIZ       0.000       0.000       0.000       0.000       0.000       0.000       0.000
    EXTERNALIZ       1.000       1.000       1.000       1.000       1.000       1.000       1.000
    EXTERNALIZ       2.000       2.000       2.000       2.000       2.000       2.000       2.000

 I        ON
    MATUREVIDE       0.871       1.004       1.072       1.427       1.783       1.851       1.984

 S        ON
    MATUREVIDE      -0.247      -0.188      -0.158      -0.003       0.153       0.183       0.242

 S        WITH
    I               -3.927      -3.449      -3.205      -1.928      -0.651      -0.406       0.072

 Intercepts
    EXTERNAL         0.000       0.000       0.000       0.000       0.000       0.000       0.000
    EXTERNAL         0.000       0.000       0.000       0.000       0.000       0.000       0.000
    EXTERNAL         0.000       0.000       0.000       0.000       0.000       0.000       0.000
    I                2.544       2.709       2.794       3.236       3.679       3.763       3.929
    S               -0.544      -0.473      -0.437      -0.248      -0.058      -0.022       0.049

 Residual Variances
    EXTERNAL         5.557       6.350       6.755       8.873      10.991      11.396      12.189
    EXTERNAL         7.416       7.837       8.053       9.179      10.305      10.521      10.942
    EXTERNAL         4.955       5.805       6.239       8.508      10.777      11.211      12.060
    I               26.900      27.887      28.392      31.029      33.667      34.172      35.159
    S               -0.321       0.054       0.245       1.246       2.247       2.439       2.814


CONFIDENCE INTERVALS OF STANDARDIZED MODEL RESULTS


STDYX Standardization

                  Lower .5%  Lower 2.5%    Lower 5%    Estimate    Upper 5%  Upper 2.5%   Upper .5%

 I        |
    EXTERNALIZ       0.839       0.850       0.855       0.883       0.911       0.916       0.927
    EXTERNALIZ       0.874       0.882       0.887       0.909       0.932       0.936       0.945
    EXTERNALIZ       0.846       0.863       0.872       0.919       0.966       0.975       0.992

 S        |
    EXTERNALIZ       0.000       0.000       0.000       0.000       0.000       0.000       0.000
    EXTERNALIZ       0.070       0.097       0.110       0.181       0.252       0.266       0.292
    EXTERNALIZ       0.128       0.185       0.214       0.366       0.519       0.548       0.605

 I        ON
    MATUREVIDE       0.066       0.076       0.081       0.108       0.134       0.139       0.149

 S        ON
    MATUREVIDE      -0.093      -0.071      -0.060      -0.001       0.058       0.069       0.091

 S        WITH
    I               -0.480      -0.440      -0.419      -0.310      -0.201      -0.180      -0.140

 Intercepts
    EXTERNAL         0.000       0.000       0.000       0.000       0.000       0.000       0.000
    EXTERNAL         0.000       0.000       0.000       0.000       0.000       0.000       0.000
    EXTERNAL         0.000       0.000       0.000       0.000       0.000       0.000       0.000
    I                0.451       0.481       0.496       0.578       0.659       0.674       0.705
    S               -0.526      -0.453      -0.416      -0.222      -0.028       0.009       0.082

 Residual Variances
    EXTERNAL         0.143       0.162       0.171       0.220       0.270       0.279       0.297
    EXTERNAL         0.205       0.214       0.218       0.242       0.265       0.270       0.279
    EXTERNAL         0.145       0.165       0.175       0.229       0.283       0.293       0.313
    I                0.979       0.982       0.983       0.988       0.994       0.995       0.997
    S                1.000       1.000       1.000       1.000       1.000       1.000       1.000


     Beginning Time:  12:46:07
        Ending Time:  12:46:07
       Elapsed Time:  00:00:00



MUTHEN & MUTHEN
3463 Stoner Ave.
Los Angeles, CA  90066

Tel: (310) 391-9971
Fax: (310) 391-8971
Web: www.StatModel.com
Support: Support@StatModel.com

Copyright (c) 1998-2015 Muthen & Muthen
