Mplus VERSION 7.4 (Mac)
MUTHEN & MUTHEN
01/27/2023  12:45 PM

INPUT INSTRUCTIONS

  Data:
  file is /Users/shawes/desktop/df_wide.txt;

  Define:
  INT1 = MatureVideoGames*Weekly_Gaming_Hours_T0;
  !INT2 = MatureVideoGames*Sex;
  !INT3 = Weekly_Gaming_Hours_T0*Sex;
  !INT4 = MatureVideoGames*Weekly_Gaming_Hours_T0*Sex;

  Variable: names are
  ids, SiteID, FamilyID, Sex, Age,
  Race_White, Race_Black, Race_Hispanic, Race_Asian, Race_Other,
  ParentIncome, ParentEducation, IQ, FlankerTest,
  PubertalDevelopment_F, PubertalDevelopment_M,
  MatureVideoGames,
  Weekly_Gaming_Hours_T0, Weekly_Gaming_Hours_T1, Weekly_Gaming_Hours_T2,
  Aggression_T0, Aggression_T1, Aggression_T2,
  Externalizing_T0, Externalizing_T1, Externalizing_T2,
  Internalizing_T0
  ;

  Usevariables are
  Externalizing_T0, Externalizing_T1, Externalizing_T2,
  !Weekly_Gaming_Hours_T0, Weekly_Gaming_Hours_T1, Weekly_Gaming_Hours_T2
  !MatureVideoGames
  !Weekly_Gaming_Hours_T0,
  !Sex, Race_Black, Race_Hispanic, Race_Asian, Race_Other
  !ParentIncome, ParentEducation, IQ,
  !FlankerTest, Internalizing_T0,
  !INT1
  !INT2
  !INT3
  !INT4
  ;

  Missing are all (999, 777);

  Stratification = SiteID;
  CLUSTER = FamilyID;

  ANALYSIS:
  Estimator = MLR;
  TYPE=complex;
  Integration = Montecarlo;

  MODEL:

  I S | Externalizing_T0@0 Externalizing_T1@1 Externalizing_T2@2;

  !S@0;

  !I on MatureVideoGames;
  !S on MatureVideoGames;


  !I on MatureVideoGames Weekly_Gaming_Hours_T0
  !Sex Race_Black Race_Hispanic Race_Asian Race_Other
  !ParentIncome ParentEducation IQ FlankerTest Internalizing_T0
  !INT1
  !INT2
  !INT3
  !INT4
  !;



  Output: Sampstat Stdyx CINTERVAL;





*** WARNING in ANALYSIS command
  The INTEGRATION option is not available with this analysis.
  INTEGRATION will be ignored.
  Specify ALGORITHM=INTEGRATION to use this option.
*** WARNING in VARIABLE command
  Note that only the first 8 characters of variable names are used in the output.
  Shorten variable names to avoid any confusion.
*** WARNING
  Clusters with the same IDs have been found in different strata.  These
  clusters are assumed to be different because clusters are not allowed
  to appear in more than one stratum.
*** WARNING
  Data set contains unknown or missing values for GROUPING,
  PATTERN, COHORT, CLUSTER and/or STRATIFICATION variables.
  Number of cases with unknown or missing values:  2
   4 WARNING(S) FOUND IN THE INPUT INSTRUCTIONS




SUMMARY OF ANALYSIS

Number of groups                                                 1
Number of observations                                        5647

Number of dependent variables                                    3
Number of independent variables                                  0
Number of continuous latent variables                            2

Observed dependent variables

  Continuous
   EXTERNALIZ  EXTERNALIZ  EXTERNALIZ

Continuous latent variables
   I           S

Variables with special functions

  Stratification        SITEID
  Cluster variable      FAMILYID

Estimator                                                      MLR
Information matrix                                        OBSERVED
Maximum number of iterations                                  1000
Convergence criterion                                    0.500D-04
Maximum number of steepest descent iterations                   20
Maximum number of iterations for H1                           2000
Convergence criterion for H1                             0.100D-03

Input data file(s)
  /Users/shawes/desktop/df_wide.txt

Input data format  FREE


SUMMARY OF DATA

     Number of missing data patterns             5
     Number of strata                      22
     Number of clusters                  4955


COVARIANCE COVERAGE OF DATA

Minimum covariance coverage value   0.100


     PROPORTION OF DATA PRESENT


           Covariance Coverage
              EXTERNAL      EXTERNAL      EXTERNAL
              ________      ________      ________
 EXTERNAL       1.000
 EXTERNAL       0.998         0.998
 EXTERNAL       0.774         0.772         0.774


SAMPLE STATISTICS


     ESTIMATED SAMPLE STATISTICS


           Means
              EXTERNAL      EXTERNAL      EXTERNAL
              ________      ________      ________
      1         5.009         4.749         4.498


           Covariances
              EXTERNAL      EXTERNAL      EXTERNAL
              ________      ________      ________
 EXTERNAL      40.531
 EXTERNAL      29.502        37.952
 EXTERNAL      27.593        28.099        37.213


           Correlations
              EXTERNAL      EXTERNAL      EXTERNAL
              ________      ________      ________
 EXTERNAL       1.000
 EXTERNAL       0.752         1.000
 EXTERNAL       0.710         0.748         1.000


     MAXIMUM LOG-LIKELIHOOD VALUE FOR THE UNRESTRICTED (H1) MODEL IS -46399.392


UNIVARIATE SAMPLE STATISTICS


     UNIVARIATE HIGHER-ORDER MOMENT DESCRIPTIVE STATISTICS

         Variable/         Mean/     Skewness/   Minimum/ % with                Percentiles
        Sample Size      Variance    Kurtosis    Maximum  Min/Max      20%/60%    40%/80%    Median

     EXTERNALIZING_T       5.009       2.166       0.000   24.64%       0.000      2.000      3.000
            5646.000      40.533       6.056      49.000    0.02%       4.000      9.000
     EXTERNALIZING_T       4.747       2.155       0.000   26.30%       0.000      2.000      3.000
            5636.000      37.961       5.620      47.000    0.02%       4.000      8.000
     EXTERNALIZING_T       4.426       2.387       0.000   29.03%       0.000      1.000      2.000
            4368.000      36.689       7.446      50.000    0.02%       3.000      8.000


THE MODEL ESTIMATION TERMINATED NORMALLY



MODEL FIT INFORMATION

Number of Free Parameters                        8

Loglikelihood

          H0 Value                      -46399.395
          H0 Scaling Correction Factor      3.5147
            for MLR
          H1 Value                      -46399.392
          H1 Scaling Correction Factor      3.2450
            for MLR

Information Criteria

          Akaike (AIC)                   92814.791
          Bayesian (BIC)                 92867.902
          Sample-Size Adjusted BIC       92842.480
            (n* = (n + 2) / 24)

Chi-Square Test of Model Fit

          Value                              0.006*
          Degrees of Freedom                     1
          P-Value                           0.9394
          Scaling Correction Factor         1.0877
            for MLR

*   The chi-square value for MLM, MLMV, MLR, ULSMV, WLSM and WLSMV cannot be used
    for chi-square difference testing in the regular way.  MLM, MLR and WLSM
    chi-square difference testing is described on the Mplus website.  MLMV, WLSMV,
    and ULSMV difference testing is done using the DIFFTEST option.

RMSEA (Root Mean Square Error Of Approximation)

          Estimate                           0.000
          90 Percent C.I.                    0.000  0.008
          Probability RMSEA <= .05           1.000

CFI/TLI

          CFI                                1.000
          TLI                                1.001

Chi-Square Test of Model Fit for the Baseline Model

          Value                           2168.357
          Degrees of Freedom                     3
          P-Value                           0.0000

SRMR (Standardized Root Mean Square Residual)

          Value                              0.000



MODEL RESULTS

                                                    Two-Tailed
                    Estimate       S.E.  Est./S.E.    P-Value

 I        |
    EXTERNALIZ         1.000      0.000    999.000    999.000
    EXTERNALIZ         1.000      0.000    999.000    999.000
    EXTERNALIZ         1.000      0.000    999.000    999.000

 S        |
    EXTERNALIZ         0.000      0.000    999.000    999.000
    EXTERNALIZ         1.000      0.000    999.000    999.000
    EXTERNALIZ         2.000      0.000    999.000    999.000

 S        WITH
    I                 -1.909      0.784     -2.434      0.015

 Means
    I                  5.007      0.087     57.627      0.000
    S                 -0.256      0.035     -7.211      0.000

 Intercepts
    EXTERNALIZ         0.000      0.000    999.000    999.000
    EXTERNALIZ         0.000      0.000    999.000    999.000
    EXTERNALIZ         0.000      0.000    999.000    999.000

 Variances
    I                 31.411      1.612     19.490      0.000
    S                  1.208      0.616      1.962      0.050

 Residual Variances
    EXTERNALIZ         9.119      1.300      7.013      0.000
    EXTERNALIZ         9.151      0.687     13.321      0.000
    EXTERNALIZ         8.607      1.392      6.181      0.000


STANDARDIZED MODEL RESULTS


STDYX Standardization

                                                    Two-Tailed
                    Estimate       S.E.  Est./S.E.    P-Value

 I        |
    EXTERNALIZ         0.880      0.017     51.849      0.000
    EXTERNALIZ         0.910      0.014     65.796      0.000
    EXTERNALIZ         0.919      0.029     32.142      0.000

 S        |
    EXTERNALIZ         0.000      0.000    999.000    999.000
    EXTERNALIZ         0.178      0.044      4.022      0.000
    EXTERNALIZ         0.360      0.095      3.793      0.000

 S        WITH
    I                 -0.310      0.067     -4.647      0.000

 Means
    I                  0.893      0.018     48.782      0.000
    S                 -0.233      0.065     -3.570      0.000

 Intercepts
    EXTERNALIZ         0.000      0.000    999.000    999.000
    EXTERNALIZ         0.000      0.000    999.000    999.000
    EXTERNALIZ         0.000      0.000    999.000    999.000

 Variances
    I                  1.000      0.000    999.000    999.000
    S                  1.000      0.000    999.000    999.000

 Residual Variances
    EXTERNALIZ         0.225      0.030      7.526      0.000
    EXTERNALIZ         0.241      0.014     16.708      0.000
    EXTERNALIZ         0.231      0.033      7.021      0.000


R-SQUARE

    Observed                                        Two-Tailed
    Variable        Estimate       S.E.  Est./S.E.    P-Value

    EXTERNAL           0.775      0.030     25.925      0.000
    EXTERNAL           0.759      0.014     52.584      0.000
    EXTERNAL           0.769      0.033     23.334      0.000


QUALITY OF NUMERICAL RESULTS

     Condition Number for the Information Matrix              0.228E-02
       (ratio of smallest to largest eigenvalue)


CONFIDENCE INTERVALS OF MODEL RESULTS

                  Lower .5%  Lower 2.5%    Lower 5%    Estimate    Upper 5%  Upper 2.5%   Upper .5%

 I        |
    EXTERNALIZ       1.000       1.000       1.000       1.000       1.000       1.000       1.000
    EXTERNALIZ       1.000       1.000       1.000       1.000       1.000       1.000       1.000
    EXTERNALIZ       1.000       1.000       1.000       1.000       1.000       1.000       1.000

 S        |
    EXTERNALIZ       0.000       0.000       0.000       0.000       0.000       0.000       0.000
    EXTERNALIZ       1.000       1.000       1.000       1.000       1.000       1.000       1.000
    EXTERNALIZ       2.000       2.000       2.000       2.000       2.000       2.000       2.000

 S        WITH
    I               -3.930      -3.447      -3.200      -1.909      -0.619      -0.372       0.111

 Means
    I                4.784       4.837       4.865       5.007       5.150       5.178       5.231
    S               -0.347      -0.325      -0.314      -0.256      -0.197      -0.186      -0.164

 Intercepts
    EXTERNAL         0.000       0.000       0.000       0.000       0.000       0.000       0.000
    EXTERNAL         0.000       0.000       0.000       0.000       0.000       0.000       0.000
    EXTERNAL         0.000       0.000       0.000       0.000       0.000       0.000       0.000

 Variances
    I               27.260      28.253      28.760      31.411      34.063      34.570      35.563
    S               -0.378       0.001       0.195       1.208       2.221       2.415       2.794

 Residual Variances
    EXTERNAL         5.770       6.571       6.980       9.119      11.258      11.668      12.469
    EXTERNAL         7.382       7.805       8.021       9.151      10.281      10.498      10.921
    EXTERNAL         5.020       5.878       6.316       8.607      10.898      11.336      12.194


CONFIDENCE INTERVALS OF STANDARDIZED MODEL RESULTS


STDYX Standardization

                  Lower .5%  Lower 2.5%    Lower 5%    Estimate    Upper 5%  Upper 2.5%   Upper .5%

 I        |
    EXTERNALIZ       0.837       0.847       0.852       0.880       0.908       0.914       0.924
    EXTERNALIZ       0.874       0.883       0.887       0.910       0.933       0.937       0.945
    EXTERNALIZ       0.845       0.863       0.872       0.919       0.966       0.975       0.992

 S        |
    EXTERNALIZ       0.000       0.000       0.000       0.000       0.000       0.000       0.000
    EXTERNALIZ       0.064       0.091       0.105       0.178       0.251       0.265       0.293
    EXTERNALIZ       0.116       0.174       0.204       0.360       0.517       0.547       0.605

 S        WITH
    I               -0.482      -0.441      -0.420      -0.310      -0.200      -0.179      -0.138

 Means
    I                0.846       0.858       0.863       0.893       0.924       0.929       0.941
    S               -0.401      -0.360      -0.340      -0.233      -0.125      -0.105      -0.065

 Intercepts
    EXTERNAL         0.000       0.000       0.000       0.000       0.000       0.000       0.000
    EXTERNAL         0.000       0.000       0.000       0.000       0.000       0.000       0.000
    EXTERNAL         0.000       0.000       0.000       0.000       0.000       0.000       0.000

 Variances
    I                1.000       1.000       1.000       1.000       1.000       1.000       1.000
    S                1.000       1.000       1.000       1.000       1.000       1.000       1.000

 Residual Variances
    EXTERNAL         0.148       0.166       0.176       0.225       0.274       0.284       0.302
    EXTERNAL         0.204       0.213       0.217       0.241       0.265       0.269       0.278
    EXTERNAL         0.146       0.167       0.177       0.231       0.285       0.296       0.316


     Beginning Time:  12:45:34
        Ending Time:  12:45:34
       Elapsed Time:  00:00:00



MUTHEN & MUTHEN
3463 Stoner Ave.
Los Angeles, CA  90066

Tel: (310) 391-9971
Fax: (310) 391-8971
Web: www.StatModel.com
Support: Support@StatModel.com

Copyright (c) 1998-2015 Muthen & Muthen
