Mplus VERSION 7.4 (Mac)
MUTHEN & MUTHEN
01/27/2023  12:48 PM

INPUT INSTRUCTIONS

  Data:
  file is /Users/shawes/desktop/df_wide.txt;

  Define:
  INT1 = MatureVideoGames*Weekly_Gaming_Hours_T0;
  !INT2 = MatureVideoGames*Sex;
  !INT3 = Weekly_Gaming_Hours_T0*Sex;
  !INT4 = MatureVideoGames*Weekly_Gaming_Hours_T0*Sex;

  Variable: names are
  ids, SiteID, FamilyID, Sex, Age,
  Race_White, Race_Black, Race_Hispanic, Race_Asian, Race_Other,
  ParentIncome, ParentEducation, IQ, FlankerTest,
  PubertalDevelopment_F, PubertalDevelopment_M,
  MatureVideoGames,
  Weekly_Gaming_Hours_T0, Weekly_Gaming_Hours_T1, Weekly_Gaming_Hours_T2,
  Aggression_T0, Aggression_T1, Aggression_T2,
  Externalizing_T0, Externalizing_T1, Externalizing_T2,
  Internalizing_T0
  ;

  Usevariables are
  Externalizing_T0, Externalizing_T1, Externalizing_T2,
  !MatureVideoGames,
  Weekly_Gaming_Hours_T0
  !Sex, Race_Black, Race_Hispanic, Race_Asian, Race_Other
  !ParentIncome, ParentEducation, IQ,
  !FlankerTest, Internalizing_T0,
  !INT1
  !INT2
  !INT3
  !INT4
  ;

  Missing are all (999, 777);

  Stratification = SiteID;
  CLUSTER = FamilyID;

  ANALYSIS:
  Estimator = MLR;
  TYPE=complex;
  Integration = Montecarlo;

  MODEL:

  I S | Externalizing_T0@0 Externalizing_T1@1 Externalizing_T2@2;

  !S@0;

  I on Weekly_Gaming_Hours_T0;
  S on Weekly_Gaming_Hours_T0;


  !I on MatureVideoGames Weekly_Gaming_Hours_T0
  !Sex Race_Black Race_Hispanic Race_Asian Race_Other
  !ParentIncome ParentEducation IQ FlankerTest Internalizing_T0
  !INT1
  !INT2
  !INT3
  !INT4
  !;



  Output: Sampstat Stdyx CINTERVAL;





*** WARNING in ANALYSIS command
  The INTEGRATION option is not available with this analysis.
  INTEGRATION will be ignored.
  Specify ALGORITHM=INTEGRATION to use this option.
*** WARNING in VARIABLE command
  Note that only the first 8 characters of variable names are used in the output.
  Shorten variable names to avoid any confusion.
*** WARNING
  Clusters with the same IDs have been found in different strata.  These
  clusters are assumed to be different because clusters are not allowed
  to appear in more than one stratum.
*** WARNING
  Data set contains unknown or missing values for GROUPING,
  PATTERN, COHORT, CLUSTER and/or STRATIFICATION variables.
  Number of cases with unknown or missing values:  2
*** WARNING
  Data set contains cases with missing on x-variables.
  These cases were not included in the analysis.
  Number of cases with missing on x-variables:  75
   5 WARNING(S) FOUND IN THE INPUT INSTRUCTIONS




SUMMARY OF ANALYSIS

Number of groups                                                 1
Number of observations                                        5572

Number of dependent variables                                    3
Number of independent variables                                  1
Number of continuous latent variables                            2

Observed dependent variables

  Continuous
   EXTERNALIZ  EXTERNALIZ  EXTERNALIZ

Observed independent variables
   WEEKLY_G

Continuous latent variables
   I           S

Variables with special functions

  Stratification        SITEID
  Cluster variable      FAMILYID

Estimator                                                      MLR
Information matrix                                        OBSERVED
Maximum number of iterations                                  1000
Convergence criterion                                    0.500D-04
Maximum number of steepest descent iterations                   20
Maximum number of iterations for H1                           2000
Convergence criterion for H1                             0.100D-03

Input data file(s)
  /Users/shawes/desktop/df_wide.txt

Input data format  FREE


SUMMARY OF DATA

     Number of missing data patterns             5
     Number of strata                      22
     Number of clusters                  4895


COVARIANCE COVERAGE OF DATA

Minimum covariance coverage value   0.100


     PROPORTION OF DATA PRESENT


           Covariance Coverage
              EXTERNAL      EXTERNAL      EXTERNAL      WEEKLY_G
              ________      ________      ________      ________
 EXTERNAL       1.000
 EXTERNAL       0.998         0.998
 EXTERNAL       0.774         0.772         0.774
 WEEKLY_G       1.000         0.998         0.774         1.000


SAMPLE STATISTICS


     ESTIMATED SAMPLE STATISTICS


           Means
              EXTERNAL      EXTERNAL      EXTERNAL      WEEKLY_G
              ________      ________      ________      ________
      1         4.981         4.742         4.476        10.973


           Covariances
              EXTERNAL      EXTERNAL      EXTERNAL      WEEKLY_G
              ________      ________      ________      ________
 EXTERNAL      40.253
 EXTERNAL      29.488        37.913
 EXTERNAL      27.535        28.226        37.110
 WEEKLY_G       4.369         3.539         3.550        66.704


           Correlations
              EXTERNAL      EXTERNAL      EXTERNAL      WEEKLY_G
              ________      ________      ________      ________
 EXTERNAL       1.000
 EXTERNAL       0.755         1.000
 EXTERNAL       0.712         0.753         1.000
 WEEKLY_G       0.084         0.070         0.071         1.000


     MAXIMUM LOG-LIKELIHOOD VALUE FOR THE UNRESTRICTED (H1) MODEL IS -65294.083


UNIVARIATE SAMPLE STATISTICS


     UNIVARIATE HIGHER-ORDER MOMENT DESCRIPTIVE STATISTICS

         Variable/         Mean/     Skewness/   Minimum/ % with                Percentiles
        Sample Size      Variance    Kurtosis    Maximum  Min/Max      20%/60%    40%/80%    Median

     EXTERNALIZING_T       4.982       2.176       0.000   24.77%       0.000      2.000      3.000
            5571.000      40.255       6.161      49.000    0.02%       4.000      9.000
     EXTERNALIZING_T       4.740       2.151       0.000   26.32%       0.000      2.000      3.000
            5562.000      37.918       5.598      47.000    0.02%       4.000      8.000
     EXTERNALIZING_T       4.401       2.401       0.000   29.20%       0.000      1.000      2.000
            4311.000      36.525       7.556      50.000    0.02%       3.000      8.000
     WEEKLY_GAMING_H      10.973       0.793       0.000    3.45%       3.500      7.000      9.000
            5572.000      66.704      -0.411      28.000    9.57%      11.000     18.000


THE MODEL ESTIMATION TERMINATED NORMALLY



MODEL FIT INFORMATION

Number of Free Parameters                       10

Loglikelihood

          H0 Value                      -45686.368
          H0 Scaling Correction Factor      3.0605
            for MLR
          H1 Value                      -45685.821
          H1 Scaling Correction Factor      2.7482
            for MLR

Information Criteria

          Akaike (AIC)                   91392.737
          Bayesian (BIC)                 91458.992
          Sample-Size Adjusted BIC       91427.215
            (n* = (n + 2) / 24)

Chi-Square Test of Model Fit

          Value                              0.923*
          Degrees of Freedom                     2
          P-Value                           0.6303
          Scaling Correction Factor         1.1867
            for MLR

*   The chi-square value for MLM, MLMV, MLR, ULSMV, WLSM and WLSMV cannot be used
    for chi-square difference testing in the regular way.  MLM, MLR and WLSM
    chi-square difference testing is described on the Mplus website.  MLMV, WLSMV,
    and ULSMV difference testing is done using the DIFFTEST option.

RMSEA (Root Mean Square Error Of Approximation)

          Estimate                           0.000
          90 Percent C.I.                    0.000  0.021
          Probability RMSEA <= .05           1.000

CFI/TLI

          CFI                                1.000
          TLI                                1.001

Chi-Square Test of Model Fit for the Baseline Model

          Value                           3342.168
          Degrees of Freedom                     6
          P-Value                           0.0000

SRMR (Standardized Root Mean Square Residual)

          Value                              0.002



MODEL RESULTS

                                                    Two-Tailed
                    Estimate       S.E.  Est./S.E.    P-Value

 I        |
    EXTERNALIZ         1.000      0.000    999.000    999.000
    EXTERNALIZ         1.000      0.000    999.000    999.000
    EXTERNALIZ         1.000      0.000    999.000    999.000

 S        |
    EXTERNALIZ         0.000      0.000    999.000    999.000
    EXTERNALIZ         1.000      0.000    999.000    999.000
    EXTERNALIZ         2.000      0.000    999.000    999.000

 I        ON
    WEEKLY_GAM         0.064      0.011      5.766      0.000

 S        ON
    WEEKLY_GAM        -0.007      0.005     -1.344      0.179

 S        WITH
    I                 -1.951      0.770     -2.535      0.011

 Intercepts
    EXTERNALIZ         0.000      0.000    999.000    999.000
    EXTERNALIZ         0.000      0.000    999.000    999.000
    EXTERNALIZ         0.000      0.000    999.000    999.000
    I                  4.288      0.140     30.540      0.000
    S                 -0.180      0.058     -3.092      0.002

 Residual Variances
    EXTERNALIZ         8.760      1.274      6.878      0.000
    EXTERNALIZ         9.079      0.687     13.224      0.000
    EXTERNALIZ         8.150      1.359      5.995      0.000
    I                 31.207      1.599     19.513      0.000
    S                  1.343      0.601      2.235      0.025


STANDARDIZED MODEL RESULTS


STDYX Standardization

                                                    Two-Tailed
                    Estimate       S.E.  Est./S.E.    P-Value

 I        |
    EXTERNALIZ         0.884      0.017     52.982      0.000
    EXTERNALIZ         0.911      0.014     66.140      0.000
    EXTERNALIZ         0.921      0.028     32.336      0.000

 S        |
    EXTERNALIZ         0.000      0.000    999.000    999.000
    EXTERNALIZ         0.188      0.041      4.601      0.000
    EXTERNALIZ         0.381      0.088      4.307      0.000

 I        ON
    WEEKLY_GAM         0.093      0.016      5.821      0.000

 S        ON
    WEEKLY_GAM        -0.046      0.035     -1.320      0.187

 S        WITH
    I                 -0.301      0.066     -4.600      0.000

 Intercepts
    EXTERNALIZ         0.000      0.000    999.000    999.000
    EXTERNALIZ         0.000      0.000    999.000    999.000
    EXTERNALIZ         0.000      0.000    999.000    999.000
    I                  0.764      0.028     27.666      0.000
    S                 -0.155      0.062     -2.509      0.012

 Residual Variances
    EXTERNALIZ         0.218      0.030      7.373      0.000
    EXTERNALIZ         0.239      0.015     16.483      0.000
    EXTERNALIZ         0.220      0.032      6.788      0.000
    I                  0.991      0.003    336.774      0.000
    S                  0.998      0.003    309.595      0.000


R-SQUARE

    Observed                                        Two-Tailed
    Variable        Estimate       S.E.  Est./S.E.    P-Value

    EXTERNAL           0.782      0.030     26.491      0.000
    EXTERNAL           0.761      0.015     52.400      0.000
    EXTERNAL           0.780      0.032     24.108      0.000

     Latent                                         Two-Tailed
    Variable        Estimate       S.E.  Est./S.E.    P-Value

    I                  0.009      0.003      2.910      0.004
    S                  0.002      0.003      0.660      0.509


QUALITY OF NUMERICAL RESULTS

     Condition Number for the Information Matrix              0.177E-04
       (ratio of smallest to largest eigenvalue)


CONFIDENCE INTERVALS OF MODEL RESULTS

                  Lower .5%  Lower 2.5%    Lower 5%    Estimate    Upper 5%  Upper 2.5%   Upper .5%

 I        |
    EXTERNALIZ       1.000       1.000       1.000       1.000       1.000       1.000       1.000
    EXTERNALIZ       1.000       1.000       1.000       1.000       1.000       1.000       1.000
    EXTERNALIZ       1.000       1.000       1.000       1.000       1.000       1.000       1.000

 S        |
    EXTERNALIZ       0.000       0.000       0.000       0.000       0.000       0.000       0.000
    EXTERNALIZ       1.000       1.000       1.000       1.000       1.000       1.000       1.000
    EXTERNALIZ       2.000       2.000       2.000       2.000       2.000       2.000       2.000

 I        ON
    WEEKLY_GAM       0.035       0.042       0.045       0.064       0.082       0.085       0.092

 S        ON
    WEEKLY_GAM      -0.019      -0.016      -0.015      -0.007       0.001       0.003       0.006

 S        WITH
    I               -3.935      -3.461      -3.218      -1.951      -0.685      -0.442       0.032

 Intercepts
    EXTERNAL         0.000       0.000       0.000       0.000       0.000       0.000       0.000
    EXTERNAL         0.000       0.000       0.000       0.000       0.000       0.000       0.000
    EXTERNAL         0.000       0.000       0.000       0.000       0.000       0.000       0.000
    I                3.926       4.013       4.057       4.288       4.519       4.563       4.650
    S               -0.331      -0.295      -0.276      -0.180      -0.084      -0.066      -0.030

 Residual Variances
    EXTERNAL         5.480       6.264       6.665       8.760      10.855      11.257      12.041
    EXTERNAL         7.311       7.734       7.950       9.079      10.209      10.425      10.848
    EXTERNAL         4.649       5.486       5.914       8.150      10.387      10.815      11.652
    I               27.087      28.072      28.576      31.207      33.838      34.341      35.326
    S               -0.205       0.165       0.355       1.343       2.332       2.522       2.892


CONFIDENCE INTERVALS OF STANDARDIZED MODEL RESULTS


STDYX Standardization

                  Lower .5%  Lower 2.5%    Lower 5%    Estimate    Upper 5%  Upper 2.5%   Upper .5%

 I        |
    EXTERNALIZ       0.841       0.852       0.857       0.884       0.912       0.917       0.927
    EXTERNALIZ       0.875       0.884       0.888       0.911       0.933       0.938       0.946
    EXTERNALIZ       0.848       0.865       0.874       0.921       0.968       0.977       0.995

 S        |
    EXTERNALIZ       0.000       0.000       0.000       0.000       0.000       0.000       0.000
    EXTERNALIZ       0.083       0.108       0.121       0.188       0.256       0.269       0.294
    EXTERNALIZ       0.153       0.208       0.235       0.381       0.527       0.554       0.609

 I        ON
    WEEKLY_GAM       0.052       0.061       0.066       0.093       0.119       0.124       0.134

 S        ON
    WEEKLY_GAM      -0.136      -0.115      -0.104      -0.046       0.011       0.022       0.044

 S        WITH
    I               -0.470      -0.430      -0.409      -0.301      -0.194      -0.173      -0.133

 Intercepts
    EXTERNAL         0.000       0.000       0.000       0.000       0.000       0.000       0.000
    EXTERNAL         0.000       0.000       0.000       0.000       0.000       0.000       0.000
    EXTERNAL         0.000       0.000       0.000       0.000       0.000       0.000       0.000
    I                0.693       0.710       0.719       0.764       0.810       0.818       0.835
    S               -0.315      -0.277      -0.257      -0.155      -0.054      -0.034       0.004

 Residual Variances
    EXTERNAL         0.142       0.160       0.169       0.218       0.266       0.276       0.294
    EXTERNAL         0.202       0.211       0.215       0.239       0.263       0.268       0.277
    EXTERNAL         0.136       0.156       0.166       0.220       0.273       0.283       0.303
    I                0.984       0.986       0.987       0.991       0.996       0.997       0.999
    S                0.990       0.992       0.993       0.998       1.003       1.004       1.006


     Beginning Time:  12:48:04
        Ending Time:  12:48:04
       Elapsed Time:  00:00:00



MUTHEN & MUTHEN
3463 Stoner Ave.
Los Angeles, CA  90066

Tel: (310) 391-9971
Fax: (310) 391-8971
Web: www.StatModel.com
Support: Support@StatModel.com

Copyright (c) 1998-2015 Muthen & Muthen
